"../../../Engine/Content/EngineResources/DefaultTexture.ubulk" 0
"../../../Engine/Content/EngineResources/DefaultTexture.uasset" 1
"../../../Engine/Content/EngineResources/DefaultTexture.uexp" 2
"../../../Engine/Content/EngineResources/DefaultTextureCube.uasset" 3
"../../../Engine/Content/EngineResources/DefaultTextureCube.uexp" 4
"../../../Engine/Content/EngineResources/DefaultVolumeTexture2D.uasset" 5
"../../../Engine/Content/EngineResources/DefaultVolumeTexture2D.uexp" 6
"../../../Engine/Content/EngineResources/DefaultVolumeTexture.uasset" 7
"../../../Engine/Content/EngineResources/DefaultVolumeTexture.uexp" 8
"../../../Engine/Content/EngineMeshes/Sphere.ubulk" 9
"../../../Engine/Content/EngineMeshes/Sphere.uasset" 10
"../../../Engine/Content/EngineMeshes/Sphere.uexp" 11
"../../../Engine/Content/EngineResources/GradientTexture0.uasset" 12
"../../../Engine/Content/EngineResources/GradientTexture0.uexp" 13
"../../../Engine/Content/EngineResources/Black.uasset" 14
"../../../Engine/Content/EngineResources/Black.uexp" 15
"../../../Engine/Content/EngineMaterials/T_Default_Material_Grid_M.ubulk" 16
"../../../Engine/Content/EngineMaterials/T_Default_Material_Grid_M.uasset" 17
"../../../Engine/Content/EngineMaterials/T_Default_Material_Grid_M.uexp" 18
"../../../Engine/Content/EngineMaterials/T_Default_Material_Grid_N.ubulk" 19
"../../../Engine/Content/EngineMaterials/T_Default_Material_Grid_N.uasset" 20
"../../../Engine/Content/EngineMaterials/T_Default_Material_Grid_N.uexp" 21
"../../../Engine/Content/Functions/Engine_MaterialFunctions01/Opacity/CameraDepthFade.uasset" 22
"../../../Engine/Content/Functions/Engine_MaterialFunctions01/Opacity/CameraDepthFade.uexp" 23
"../../../Engine/Content/EngineMaterials/WorldGridMaterial.uasset" 24
"../../../Engine/Content/EngineMaterials/WorldGridMaterial.uexp" 25
"../../../Engine/Content/ArtTools/RenderToTexture/Meshes/S_1_Unit_Plane.ubulk" 26
"../../../Engine/Content/ArtTools/RenderToTexture/Meshes/S_1_Unit_Plane.uasset" 27
"../../../Engine/Content/ArtTools/RenderToTexture/Meshes/S_1_Unit_Plane.uexp" 28
"../../../Engine/Plugins/Media/MediaPlate/Content/SM_MediaPlateScreen.ubulk" 29
"../../../Engine/Plugins/Media/MediaPlate/Content/SM_MediaPlateScreen.uasset" 30
"../../../Engine/Plugins/Media/MediaPlate/Content/SM_MediaPlateScreen.uexp" 31
"../../../Engine/Content/EngineMaterials/DefaultBokeh.uasset" 32
"../../../Engine/Content/EngineMaterials/DefaultBokeh.uexp" 33
"../../../Engine/Content/EngineMaterials/MiniFont.uasset" 34
"../../../Engine/Content/EngineMaterials/MiniFont.uexp" 35
"../../../Engine/Content/EngineMaterials/WeightMapPlaceholderTexture.uasset" 36
"../../../Engine/Content/EngineMaterials/WeightMapPlaceholderTexture.uexp" 37
"../../../Engine/Content/EngineMaterials/WeightMapArrayPlaceholderTexture.uasset" 38
"../../../Engine/Content/EngineMaterials/WeightMapArrayPlaceholderTexture.uexp" 39
"../../../Engine/Content/EngineMaterials/DefaultWhiteGrid.ubulk" 40
"../../../Engine/Content/EngineMaterials/DefaultWhiteGrid.uasset" 41
"../../../Engine/Content/EngineMaterials/DefaultWhiteGrid.uexp" 42
"../../../Engine/Content/EngineMaterials/PreintegratedSkinBRDF.uasset" 43
"../../../Engine/Content/EngineMaterials/PreintegratedSkinBRDF.uexp" 44
"../../../Engine/Content/Functions/Engine_MaterialFunctions02/WorldPositionOffset/CameraOffset.uasset" 45
"../../../Engine/Content/Functions/Engine_MaterialFunctions02/WorldPositionOffset/CameraOffset.uexp" 46
"../../../Engine/Plugins/Animation/ControlRig/Content/M_Manip.uasset" 47
"../../../Engine/Plugins/Animation/ControlRig/Content/M_Manip.uexp" 48
"../../../Engine/Plugins/Animation/ACLPlugin/Content/ACLAnimCurveCompressionSettings.uasset" 49
"../../../Engine/Plugins/Animation/ACLPlugin/Content/ACLAnimCurveCompressionSettings.uexp" 50
"../../../Engine/Plugins/Animation/ACLPlugin/Content/ACLAnimBoneCompressionSettings.uasset" 51
"../../../Engine/Plugins/Animation/ACLPlugin/Content/ACLAnimBoneCompressionSettings.uexp" 52
"../../../Engine/Plugins/2D/Paper2D/Content/PlaceholderTextures/DummySpriteTexture.ubulk" 53
"../../../Engine/Plugins/2D/Paper2D/Content/PlaceholderTextures/DummySpriteTexture.uasset" 54
"../../../Engine/Plugins/2D/Paper2D/Content/PlaceholderTextures/DummySpriteTexture.uexp" 55
"../../../Engine/Plugins/2D/Paper2D/Content/DefaultSpriteMaterial.uasset" 56
"../../../Engine/Plugins/2D/Paper2D/Content/DefaultSpriteMaterial.uexp" 57
"../../../Engine/Plugins/2D/Paper2D/Content/OpaqueUnlitSpriteMaterial.uasset" 58
"../../../Engine/Plugins/2D/Paper2D/Content/OpaqueUnlitSpriteMaterial.uexp" 59
"../../../Engine/Plugins/2D/Paper2D/Content/MaskedUnlitSpriteMaterial.uasset" 60
"../../../Engine/Plugins/2D/Paper2D/Content/MaskedUnlitSpriteMaterial.uexp" 61
"../../../Engine/Plugins/2D/Paper2D/Content/DummySprite.uasset" 62
"../../../Engine/Plugins/2D/Paper2D/Content/DummySprite.uexp" 63
"../../../Engine/Plugins/2D/Paper2D/Content/DefaultPaperTerrainMaterial.uasset" 64
"../../../Engine/Plugins/2D/Paper2D/Content/DefaultPaperTerrainMaterial.uexp" 65
"../../../Engine/Plugins/Runtime/MeshModelingToolset/Content/Materials/M_DynamicMeshComponentVtxColor.uasset" 66
"../../../Engine/Plugins/Runtime/MeshModelingToolset/Content/Materials/M_DynamicMeshComponentVtxColor.uexp" 67
"../../../Engine/Plugins/Interchange/Runtime/Content/Pipelines/DefaultTexturePipeline.uasset" 68
"../../../Engine/Plugins/Interchange/Runtime/Content/Pipelines/DefaultTexturePipeline.uexp" 69
"../../../Engine/Plugins/Interchange/Runtime/Content/Pipelines/DefaultSceneLevelPipeline.uasset" 70
"../../../Engine/Plugins/Interchange/Runtime/Content/Pipelines/DefaultSceneLevelPipeline.uexp" 71
"../../../Engine/Plugins/Interchange/Runtime/Content/Pipelines/DefaultSceneAssetsPipeline.uasset" 72
"../../../Engine/Plugins/Interchange/Runtime/Content/Pipelines/DefaultSceneAssetsPipeline.uexp" 73
"../../../Engine/Plugins/Interchange/Runtime/Content/Pipelines/DefaultMaterialXPipeline.uasset" 74
"../../../Engine/Plugins/Interchange/Runtime/Content/Pipelines/DefaultMaterialXPipeline.uexp" 75
"../../../Engine/Plugins/Interchange/Runtime/Content/Pipelines/DefaultMaterialPipeline.uasset" 76
"../../../Engine/Plugins/Interchange/Runtime/Content/Pipelines/DefaultMaterialPipeline.uexp" 77
"../../../Engine/Plugins/Interchange/Runtime/Content/Pipelines/DefaultGLTFSceneAssetsPipeline.uasset" 78
"../../../Engine/Plugins/Interchange/Runtime/Content/Pipelines/DefaultGLTFSceneAssetsPipeline.uexp" 79
"../../../Engine/Plugins/Interchange/Runtime/Content/Pipelines/DefaultGLTFPipeline.uasset" 80
"../../../Engine/Plugins/Interchange/Runtime/Content/Pipelines/DefaultGLTFPipeline.uexp" 81
"../../../Engine/Plugins/Interchange/Runtime/Content/Pipelines/DefaultGLTFAssetsPipeline.uasset" 82
"../../../Engine/Plugins/Interchange/Runtime/Content/Pipelines/DefaultGLTFAssetsPipeline.uexp" 83
"../../../Engine/Plugins/Interchange/Runtime/Content/Pipelines/DefaultAssetsPipeline.uasset" 84
"../../../Engine/Plugins/Interchange/Runtime/Content/Pipelines/DefaultAssetsPipeline.uexp" 85
"../../../Engine/Plugins/Interchange/Runtime/Content/Functions/MX_UsdPreviewSurface.uasset" 86
"../../../Engine/Plugins/Interchange/Runtime/Content/Functions/MX_UsdPreviewSurface.uexp" 87
"../../../Engine/Plugins/Interchange/Runtime/Content/Functions/MX_UniformEDF.uasset" 88
"../../../Engine/Plugins/Interchange/Runtime/Content/Functions/MX_UniformEDF.uexp" 89
"../../../Engine/Plugins/Interchange/Runtime/Content/Functions/MX_TranslucentBSDF.uasset" 90
"../../../Engine/Plugins/Interchange/Runtime/Content/Functions/MX_TranslucentBSDF.uexp" 91
"../../../Engine/Plugins/Interchange/Runtime/Content/Functions/MX_ThinFilmBSDF.uasset" 92
"../../../Engine/Plugins/Interchange/Runtime/Content/Functions/MX_ThinFilmBSDF.uexp" 93
"../../../Engine/Plugins/Interchange/Runtime/Content/Functions/MX_SurfaceUnlit.uasset" 94
"../../../Engine/Plugins/Interchange/Runtime/Content/Functions/MX_SurfaceUnlit.uexp" 95
"../../../Engine/Plugins/Interchange/Runtime/Content/Functions/MX_Surface.uasset" 96
"../../../Engine/Plugins/Interchange/Runtime/Content/Functions/MX_Surface.uexp" 97
"../../../Engine/Plugins/Interchange/Runtime/Content/Functions/MX_SubsurfaceBSDF.uasset" 98
"../../../Engine/Plugins/Interchange/Runtime/Content/Functions/MX_SubsurfaceBSDF.uexp" 99
"../../../Engine/Plugins/Interchange/Runtime/Content/Functions/MX_SheenBSDF.uasset" 100
"../../../Engine/Plugins/Interchange/Runtime/Content/Functions/MX_SheenBSDF.uexp" 101
"../../../Engine/Plugins/Interchange/Runtime/Content/Functions/MX_OrenNayarBSDF.uasset" 102
"../../../Engine/Plugins/Interchange/Runtime/Content/Functions/MX_OrenNayarBSDF.uexp" 103
"../../../Engine/Content/Functions/Engine_MaterialFunctions02/Utility/CameraDirectionVector.uasset" 104
"../../../Engine/Content/Functions/Engine_MaterialFunctions02/Utility/CameraDirectionVector.uexp" 105
"../../../Engine/Content/Functions/Engine_MaterialFunctions01/Volumetrics/BeersLaw.uasset" 106
"../../../Engine/Content/Functions/Engine_MaterialFunctions01/Volumetrics/BeersLaw.uexp" 107
"../../../Engine/Content/EngineMaterials/Good64x64TilingNoiseHighFreq.uasset" 108
"../../../Engine/Content/EngineMaterials/Good64x64TilingNoiseHighFreq.uexp" 109
"../../../Engine/Content/Functions/Engine_MaterialFunctions02/Texturing/ScreenAlignedPixelToPixelUVs.uasset" 110
"../../../Engine/Content/Functions/Engine_MaterialFunctions02/Texturing/ScreenAlignedPixelToPixelUVs.uexp" 111
"../../../Engine/Plugins/Interchange/Runtime/Content/gltf/MaterialFunctions/MF_Temporal_Blur.uasset" 112
"../../../Engine/Plugins/Interchange/Runtime/Content/gltf/MaterialFunctions/MF_Temporal_Blur.uexp" 113
"../../../Engine/Plugins/Interchange/Runtime/Content/gltf/MaterialFunctions/MF_Fresnel_DS.uasset" 114
"../../../Engine/Plugins/Interchange/Runtime/Content/gltf/MaterialFunctions/MF_Fresnel_DS.uexp" 115
"../../../Engine/Content/Functions/Engine_MaterialFunctions02/Utility/BreakOutFloat3Components.uasset" 116
"../../../Engine/Content/Functions/Engine_MaterialFunctions02/Utility/BreakOutFloat3Components.uexp" 117
"../../../Engine/Plugins/Interchange/Runtime/Content/Functions/MX_Transmission.uasset" 118
"../../../Engine/Plugins/Interchange/Runtime/Content/Functions/MX_Transmission.uexp" 119
"../../../Engine/Plugins/Interchange/Runtime/Content/Functions/MF_OrenNayerView.uasset" 120
"../../../Engine/Plugins/Interchange/Runtime/Content/Functions/MF_OrenNayerView.uexp" 121
"../../../Engine/Plugins/Interchange/Runtime/Content/Functions/MF_SchlickApprox.uasset" 122
"../../../Engine/Plugins/Interchange/Runtime/Content/Functions/MF_SchlickApprox.uexp" 123
"../../../Engine/Plugins/Interchange/Runtime/Content/Utilities/New_LUT.uasset" 124
"../../../Engine/Plugins/Interchange/Runtime/Content/Utilities/New_LUT.uexp" 125
"../../../Engine/Content/Functions/Engine_MaterialFunctions03/Math/RemapValueRange.uasset" 126
"../../../Engine/Content/Functions/Engine_MaterialFunctions03/Math/RemapValueRange.uexp" 127
"../../../Engine/Plugins/Interchange/Runtime/Content/Functions/MF_Iridescence.uasset" 128
"../../../Engine/Plugins/Interchange/Runtime/Content/Functions/MF_Iridescence.uexp" 129
"../../../Engine/Plugins/Interchange/Runtime/Content/Functions/MX_StandardSurface.uasset" 130
"../../../Engine/Plugins/Interchange/Runtime/Content/Functions/MX_StandardSurface.uexp" 131
"../../../Engine/Plugins/Interchange/Runtime/Content/Functions/MX_TransmissionSurface.uasset" 132
"../../../Engine/Plugins/Interchange/Runtime/Content/Functions/MX_TransmissionSurface.uexp" 133
"../../../Engine/Plugins/Interchange/Runtime/Content/Functions/MX_OpenPBR_Translucent.uasset" 134
"../../../Engine/Plugins/Interchange/Runtime/Content/Functions/MX_OpenPBR_Translucent.uexp" 135
"../../../Engine/Plugins/Interchange/Runtime/Content/Functions/MX_OpenPBR_Opaque.uasset" 136
"../../../Engine/Plugins/Interchange/Runtime/Content/Functions/MX_OpenPBR_Opaque.uexp" 137
"../../../Engine/Plugins/Interchange/Runtime/Content/Functions/MX_MeasuredEDF.uasset" 138
"../../../Engine/Plugins/Interchange/Runtime/Content/Functions/MX_MeasuredEDF.uexp" 139
"../../../Engine/Plugins/Interchange/Runtime/Content/Functions/MX_GeneralizedSchlickBSDF.uasset" 140
"../../../Engine/Plugins/Interchange/Runtime/Content/Functions/MX_GeneralizedSchlickBSDF.uexp" 141
"../../../Engine/Plugins/Interchange/Runtime/Content/Functions/MX_DielectricBSDF.uasset" 142
"../../../Engine/Plugins/Interchange/Runtime/Content/Functions/MX_DielectricBSDF.uexp" 143
"../../../Engine/Plugins/Interchange/Runtime/Content/Functions/MX_ConicalEDF.uasset" 144
"../../../Engine/Plugins/Interchange/Runtime/Content/Functions/MX_ConicalEDF.uexp" 145
"../../../Engine/Plugins/Interchange/Runtime/Content/Functions/MX_ConductorBSDF.uasset" 146
"../../../Engine/Plugins/Interchange/Runtime/Content/Functions/MX_ConductorBSDF.uexp" 147
"../../../Engine/Plugins/Interchange/Runtime/Content/Functions/MX_BurleyDiffuseBSDF.uasset" 148
"../../../Engine/Plugins/Interchange/Runtime/Content/Functions/MX_BurleyDiffuseBSDF.uexp" 149
"../../../Engine/Plugins/Interchange/Runtime/Content/Functions/MX_AnisotropicVDF.uasset" 150
"../../../Engine/Plugins/Interchange/Runtime/Content/Functions/MX_AnisotropicVDF.uexp" 151
"../../../Engine/Plugins/Interchange/Runtime/Content/Functions/MX_AbsorptionVDF.uasset" 152
"../../../Engine/Plugins/Interchange/Runtime/Content/Functions/MX_AbsorptionVDF.uexp" 153
"../../../Engine/Plugins/Editor/SpeedTreeImporter/Content/SpeedTree9/game_wind_noise.ubulk" 154
"../../../Engine/Plugins/Editor/SpeedTreeImporter/Content/SpeedTree9/game_wind_noise.uasset" 155
"../../../Engine/Plugins/Editor/SpeedTreeImporter/Content/SpeedTree9/game_wind_noise.uexp" 156
"../../../Engine/Plugins/Editor/SpeedTreeImporter/Content/SpeedTree9/UnpackDirection.uasset" 157
"../../../Engine/Plugins/Editor/SpeedTreeImporter/Content/SpeedTree9/UnpackDirection.uexp" 158
"../../../Engine/Content/Functions/Engine_MaterialFunctions02/ObjectLocalBounds.uasset" 159
"../../../Engine/Content/Functions/Engine_MaterialFunctions02/ObjectLocalBounds.uexp" 160
"../../../Engine/Content/Functions/Engine_MaterialFunctions02/UVs/BoundingBoxBased_0-1_UVW.uasset" 161
"../../../Engine/Content/Functions/Engine_MaterialFunctions02/UVs/BoundingBoxBased_0-1_UVW.uexp" 162
"../../../Engine/Content/Functions/Engine_MaterialFunctions02/Utility/VectorLength.uasset" 163
"../../../Engine/Content/Functions/Engine_MaterialFunctions02/Utility/VectorLength.uexp" 164
"../../../Engine/Plugins/Editor/SpeedTreeImporter/Content/SpeedTree9/UnpackInteger3.uasset" 165
"../../../Engine/Plugins/Editor/SpeedTreeImporter/Content/SpeedTree9/UnpackInteger3.uexp" 166
"../../../Engine/Plugins/Editor/SpeedTreeImporter/Content/SpeedTree9/SpeedTreeCameraFacing.uasset" 167
"../../../Engine/Plugins/Editor/SpeedTreeImporter/Content/SpeedTree9/SpeedTreeCameraFacing.uexp" 168
"../../../Engine/Content/Functions/Engine_MaterialFunctions02/WorldPositionOffset/ObjectScale.uasset" 169
"../../../Engine/Content/Functions/Engine_MaterialFunctions02/WorldPositionOffset/ObjectScale.uexp" 170
"../../../Engine/Content/Functions/Engine_MaterialFunctions02/SafeNormalize.uasset" 171
"../../../Engine/Content/Functions/Engine_MaterialFunctions02/SafeNormalize.uexp" 172
"../../../Engine/Plugins/Editor/SpeedTreeImporter/Content/SpeedTree9/SpeedTreeWindMotion.uasset" 173
"../../../Engine/Plugins/Editor/SpeedTreeImporter/Content/SpeedTree9/SpeedTreeWindMotion.uexp" 174
"../../../Engine/Plugins/Editor/SpeedTreeImporter/Content/SpeedTree9/SpeedTreeBranchMotion.uasset" 175
"../../../Engine/Plugins/Editor/SpeedTreeImporter/Content/SpeedTree9/SpeedTreeBranchMotion.uexp" 176
"../../../Engine/Plugins/Editor/SpeedTreeImporter/Content/SpeedTree9/SpeedTreeWind.uasset" 177
"../../../Engine/Plugins/Editor/SpeedTreeImporter/Content/SpeedTree9/SpeedTreeWind.uexp" 178
"../../../Engine/Plugins/Editor/SpeedTreeImporter/Content/SpeedTree9/EmptyNormal.uasset" 179
"../../../Engine/Plugins/Editor/SpeedTreeImporter/Content/SpeedTree9/EmptyNormal.uexp" 180
"../../../Engine/Plugins/Editor/SpeedTreeImporter/Content/SpeedTree9/Empty.uasset" 181
"../../../Engine/Plugins/Editor/SpeedTreeImporter/Content/SpeedTree9/Empty.uexp" 182
"../../../Engine/Plugins/Editor/SpeedTreeImporter/Content/SpeedTree9/SpeedTreeMaster.uasset" 183
"../../../Engine/Plugins/Editor/SpeedTreeImporter/Content/SpeedTree9/SpeedTreeMaster.uexp" 184
"../../../Engine/Plugins/Editor/SpeedTreeImporter/Content/SpeedTree9/SpeedTreeBillboard.uasset" 185
"../../../Engine/Plugins/Editor/SpeedTreeImporter/Content/SpeedTree9/SpeedTreeBillboard.uexp" 186
"../../../Engine/Plugins/Editor/SpeedTreeImporter/Content/SpeedTree9/SpeedTreeBillboardMaster.uasset" 187
"../../../Engine/Plugins/Editor/SpeedTreeImporter/Content/SpeedTree9/SpeedTreeBillboardMaster.uexp" 188
"../../../Engine/Plugins/Animation/ControlRig/Content/Controls/DefaultGizmoLibraryNormalized.uasset" 189
"../../../Engine/Plugins/Animation/ControlRig/Content/Controls/DefaultGizmoLibraryNormalized.uexp" 190
"../../../Engine/Plugins/Animation/ControlRig/Content/Controls/ControlRig_Wedge_solid.ubulk" 191
"../../../Engine/Plugins/Animation/ControlRig/Content/Controls/ControlRig_Wedge_solid.uasset" 192
"../../../Engine/Plugins/Animation/ControlRig/Content/Controls/ControlRig_Wedge_solid.uexp" 193
"../../../Engine/Plugins/Animation/ControlRig/Content/Controls/ControlRig_Wedge_3mm.ubulk" 194
"../../../Engine/Plugins/Animation/ControlRig/Content/Controls/ControlRig_Wedge_3mm.uasset" 195
"../../../Engine/Plugins/Animation/ControlRig/Content/Controls/ControlRig_Wedge_3mm.uexp" 196
"../../../Engine/Plugins/Animation/ControlRig/Content/Controls/ControlRig_Wedge_1mm.ubulk" 197
"../../../Engine/Plugins/Animation/ControlRig/Content/Controls/ControlRig_Wedge_1mm.uasset" 198
"../../../Engine/Plugins/Animation/ControlRig/Content/Controls/ControlRig_Wedge_1mm.uexp" 199
"../../../Engine/Plugins/Animation/ControlRig/Content/Controls/ControlRig_Triangle_solid.ubulk" 200
"../../../Engine/Plugins/Animation/ControlRig/Content/Controls/ControlRig_Triangle_solid.uasset" 201
"../../../Engine/Plugins/Animation/ControlRig/Content/Controls/ControlRig_Triangle_solid.uexp" 202
"../../../Engine/Plugins/Animation/ControlRig/Content/Controls/ControlRig_Triangle_3mm.ubulk" 203
"../../../Engine/Plugins/Animation/ControlRig/Content/Controls/ControlRig_Triangle_3mm.uasset" 204
"../../../Engine/Plugins/Animation/ControlRig/Content/Controls/ControlRig_Triangle_3mm.uexp" 205
"../../../Engine/Plugins/Animation/ControlRig/Content/Controls/ControlRig_Triangle_1mm.ubulk" 206
"../../../Engine/Plugins/Animation/ControlRig/Content/Controls/ControlRig_Triangle_1mm.uasset" 207
"../../../Engine/Plugins/Animation/ControlRig/Content/Controls/ControlRig_Triangle_1mm.uexp" 208
"../../../Engine/Plugins/Animation/ControlRig/Content/Controls/ControlRig_Star4_solid.ubulk" 209
"../../../Engine/Plugins/Animation/ControlRig/Content/Controls/ControlRig_Star4_solid.uasset" 210
"../../../Engine/Plugins/Animation/ControlRig/Content/Controls/ControlRig_Star4_solid.uexp" 211
"../../../Engine/Plugins/Animation/ControlRig/Content/Controls/ControlRig_Star4_3mm.ubulk" 212
"../../../Engine/Plugins/Animation/ControlRig/Content/Controls/ControlRig_Star4_3mm.uasset" 213
"../../../Engine/Plugins/Animation/ControlRig/Content/Controls/ControlRig_Star4_3mm.uexp" 214
"../../../Engine/Plugins/Animation/ControlRig/Content/Controls/ControlRig_Star4_1mm.ubulk" 215
"../../../Engine/Plugins/Animation/ControlRig/Content/Controls/ControlRig_Star4_1mm.uasset" 216
"../../../Engine/Plugins/Animation/ControlRig/Content/Controls/ControlRig_Star4_1mm.uexp" 217
"../../../Engine/Plugins/Animation/ControlRig/Content/Controls/ControlRig_Square_solid.ubulk" 218
"../../../Engine/Plugins/Animation/ControlRig/Content/Controls/ControlRig_Square_solid.uasset" 219
"../../../Engine/Plugins/Animation/ControlRig/Content/Controls/ControlRig_Square_solid.uexp" 220
"../../../Engine/Plugins/Animation/ControlRig/Content/Controls/ControlRig_Square_3mm.ubulk" 221
"../../../Engine/Plugins/Animation/ControlRig/Content/Controls/ControlRig_Square_3mm.uasset" 222
"../../../Engine/Plugins/Animation/ControlRig/Content/Controls/ControlRig_Square_3mm.uexp" 223
"../../../Engine/Plugins/Animation/ControlRig/Content/Controls/ControlRig_Square_1mm.ubulk" 224
"../../../Engine/Plugins/Animation/ControlRig/Content/Controls/ControlRig_Square_1mm.uasset" 225
"../../../Engine/Plugins/Animation/ControlRig/Content/Controls/ControlRig_Square_1mm.uexp" 226
"../../../Engine/Plugins/Animation/ControlRig/Content/Controls/ControlRig_Sphere_solid.ubulk" 227
"../../../Engine/Plugins/Animation/ControlRig/Content/Controls/ControlRig_Sphere_solid.uasset" 228
"../../../Engine/Plugins/Animation/ControlRig/Content/Controls/ControlRig_Sphere_solid.uexp" 229
"../../../Engine/Plugins/Animation/ControlRig/Content/Controls/ControlRig_Sphere_3mm.ubulk" 230
"../../../Engine/Plugins/Animation/ControlRig/Content/Controls/ControlRig_Sphere_3mm.uasset" 231
"../../../Engine/Plugins/Animation/ControlRig/Content/Controls/ControlRig_Sphere_3mm.uexp" 232
"../../../Engine/Plugins/Animation/ControlRig/Content/Controls/ControlRig_Sphere_1mm.ubulk" 233
"../../../Engine/Plugins/Animation/ControlRig/Content/Controls/ControlRig_Sphere_1mm.uasset" 234
"../../../Engine/Plugins/Animation/ControlRig/Content/Controls/ControlRig_Sphere_1mm.uexp" 235
"../../../Engine/Plugins/Animation/ControlRig/Content/Controls/ControlRig_RoundedTriangle_solid.ubulk" 236
"../../../Engine/Plugins/Animation/ControlRig/Content/Controls/ControlRig_RoundedTriangle_solid.uasset" 237
"../../../Engine/Plugins/Animation/ControlRig/Content/Controls/ControlRig_RoundedTriangle_solid.uexp" 238
"../../../Engine/Plugins/Animation/ControlRig/Content/Controls/ControlRig_RoundedTriangle_3mm.ubulk" 239
"../../../Engine/Plugins/Animation/ControlRig/Content/Controls/ControlRig_RoundedTriangle_3mm.uasset" 240
"../../../Engine/Plugins/Animation/ControlRig/Content/Controls/ControlRig_RoundedTriangle_3mm.uexp" 241
"../../../Engine/Plugins/Animation/ControlRig/Content/Controls/ControlRig_RoundedTriangle_1mm.ubulk" 242
"../../../Engine/Plugins/Animation/ControlRig/Content/Controls/ControlRig_RoundedTriangle_1mm.uasset" 243
"../../../Engine/Plugins/Animation/ControlRig/Content/Controls/ControlRig_RoundedTriangle_1mm.uexp" 244
"../../../Engine/Plugins/Animation/ControlRig/Content/Controls/ControlRig_RoundedSquare_solid.ubulk" 245
"../../../Engine/Plugins/Animation/ControlRig/Content/Controls/ControlRig_RoundedSquare_solid.uasset" 246
"../../../Engine/Plugins/Animation/ControlRig/Content/Controls/ControlRig_RoundedSquare_solid.uexp" 247
"../../../Engine/Plugins/Animation/ControlRig/Content/Controls/ControlRig_RoundedSquare_3mm.ubulk" 248
"../../../Engine/Plugins/Animation/ControlRig/Content/Controls/ControlRig_RoundedSquare_3mm.uasset" 249
"../../../Engine/Plugins/Animation/ControlRig/Content/Controls/ControlRig_RoundedSquare_3mm.uexp" 250
"../../../Engine/Plugins/Animation/ControlRig/Content/Controls/ControlRig_RoundedSquare_1mm.ubulk" 251
"../../../Engine/Plugins/Animation/ControlRig/Content/Controls/ControlRig_RoundedSquare_1mm.uasset" 252
"../../../Engine/Plugins/Animation/ControlRig/Content/Controls/ControlRig_RoundedSquare_1mm.uexp" 253
"../../../Engine/Plugins/Animation/ControlRig/Content/Controls/ControlRig_QuarterCircle_solid.ubulk" 254
"../../../Engine/Plugins/Animation/ControlRig/Content/Controls/ControlRig_QuarterCircle_solid.uasset" 255
"../../../Engine/Plugins/Animation/ControlRig/Content/Controls/ControlRig_QuarterCircle_solid.uexp" 256
"../../../Engine/Plugins/Animation/ControlRig/Content/Controls/ControlRig_QuarterCircle_3mm.ubulk" 257
"../../../Engine/Plugins/Animation/ControlRig/Content/Controls/ControlRig_QuarterCircle_3mm.uasset" 258
"../../../Engine/Plugins/Animation/ControlRig/Content/Controls/ControlRig_QuarterCircle_3mm.uexp" 259
"../../../Engine/Plugins/Animation/ControlRig/Content/Controls/ControlRig_QuarterCircle_1mm.ubulk" 260
"../../../Engine/Plugins/Animation/ControlRig/Content/Controls/ControlRig_QuarterCircle_1mm.uasset" 261
"../../../Engine/Plugins/Animation/ControlRig/Content/Controls/ControlRig_QuarterCircle_1mm.uexp" 262
"../../../Engine/Plugins/Animation/ControlRig/Content/Controls/ControlRig_Pyramid_solid.ubulk" 263
"../../../Engine/Plugins/Animation/ControlRig/Content/Controls/ControlRig_Pyramid_solid.uasset" 264
"../../../Engine/Plugins/Animation/ControlRig/Content/Controls/ControlRig_Pyramid_solid.uexp" 265
"../../../Engine/Plugins/Animation/ControlRig/Content/Controls/ControlRig_Pyramid_3mm.ubulk" 266
"../../../Engine/Plugins/Animation/ControlRig/Content/Controls/ControlRig_Pyramid_3mm.uasset" 267
"../../../Engine/Plugins/Animation/ControlRig/Content/Controls/ControlRig_Pyramid_3mm.uexp" 268
"../../../Engine/Plugins/Animation/ControlRig/Content/Controls/ControlRig_Pyramid_1mm.ubulk" 269
"../../../Engine/Plugins/Animation/ControlRig/Content/Controls/ControlRig_Pyramid_1mm.uasset" 270
"../../../Engine/Plugins/Animation/ControlRig/Content/Controls/ControlRig_Pyramid_1mm.uexp" 271
"../../../Engine/Plugins/Animation/ControlRig/Content/Controls/ControlRig_Octagon_solid.ubulk" 272
"../../../Engine/Plugins/Animation/ControlRig/Content/Controls/ControlRig_Octagon_solid.uasset" 273
"../../../Engine/Plugins/Animation/ControlRig/Content/Controls/ControlRig_Octagon_solid.uexp" 274
"../../../Engine/Plugins/Animation/ControlRig/Content/Controls/ControlRig_Octagon_3mm.ubulk" 275
"../../../Engine/Plugins/Animation/ControlRig/Content/Controls/ControlRig_Octagon_3mm.uasset" 276
"../../../Engine/Plugins/Animation/ControlRig/Content/Controls/ControlRig_Octagon_3mm.uexp" 277
"../../../Engine/Plugins/Animation/ControlRig/Content/Controls/ControlRig_Octagon_1mm.ubulk" 278
"../../../Engine/Plugins/Animation/ControlRig/Content/Controls/ControlRig_Octagon_1mm.uasset" 279
"../../../Engine/Plugins/Animation/ControlRig/Content/Controls/ControlRig_Octagon_1mm.uexp" 280
"../../../Engine/Plugins/Animation/ControlRig/Content/Controls/ControlRig_Hexagon_solid.ubulk" 281
"../../../Engine/Plugins/Animation/ControlRig/Content/Controls/ControlRig_Hexagon_solid.uasset" 282
"../../../Engine/Plugins/Animation/ControlRig/Content/Controls/ControlRig_Hexagon_solid.uexp" 283
"../../../Engine/Plugins/Animation/ControlRig/Content/Controls/ControlRig_Hexagon_3mm.ubulk" 284
"../../../Engine/Plugins/Animation/ControlRig/Content/Controls/ControlRig_Hexagon_3mm.uasset" 285
"../../../Engine/Plugins/Animation/ControlRig/Content/Controls/ControlRig_Hexagon_3mm.uexp" 286
"../../../Engine/Plugins/Animation/ControlRig/Content/Controls/ControlRig_Hexagon_1mm.ubulk" 287
"../../../Engine/Plugins/Animation/ControlRig/Content/Controls/ControlRig_Hexagon_1mm.uasset" 288
"../../../Engine/Plugins/Animation/ControlRig/Content/Controls/ControlRig_Hexagon_1mm.uexp" 289
"../../../Engine/Plugins/Animation/ControlRig/Content/Controls/ControlRig_HalfCircle_solid.ubulk" 290
"../../../Engine/Plugins/Animation/ControlRig/Content/Controls/ControlRig_HalfCircle_solid.uasset" 291
"../../../Engine/Plugins/Animation/ControlRig/Content/Controls/ControlRig_HalfCircle_solid.uexp" 292
"../../../Engine/Plugins/Animation/ControlRig/Content/Controls/ControlRig_HalfCircle_3mm.ubulk" 293
"../../../Engine/Plugins/Animation/ControlRig/Content/Controls/ControlRig_HalfCircle_3mm.uasset" 294
"../../../Engine/Plugins/Animation/ControlRig/Content/Controls/ControlRig_HalfCircle_3mm.uexp" 295
"../../../Engine/Plugins/Animation/ControlRig/Content/Controls/ControlRig_HalfCircle_1mm.ubulk" 296
"../../../Engine/Plugins/Animation/ControlRig/Content/Controls/ControlRig_HalfCircle_1mm.uasset" 297
"../../../Engine/Plugins/Animation/ControlRig/Content/Controls/ControlRig_HalfCircle_1mm.uexp" 298
"../../../Engine/Plugins/Animation/ControlRig/Content/Controls/ControlRig_Diamond_solid.ubulk" 299
"../../../Engine/Plugins/Animation/ControlRig/Content/Controls/ControlRig_Diamond_solid.uasset" 300
"../../../Engine/Plugins/Animation/ControlRig/Content/Controls/ControlRig_Diamond_solid.uexp" 301
"../../../Engine/Plugins/Animation/ControlRig/Content/Controls/ControlRig_Diamond_3mm.ubulk" 302
"../../../Engine/Plugins/Animation/ControlRig/Content/Controls/ControlRig_Diamond_3mm.uasset" 303
"../../../Engine/Plugins/Animation/ControlRig/Content/Controls/ControlRig_Diamond_3mm.uexp" 304
"../../../Engine/Plugins/Animation/ControlRig/Content/Controls/ControlRig_Diamond_1mm.ubulk" 305
"../../../Engine/Plugins/Animation/ControlRig/Content/Controls/ControlRig_Diamond_1mm.uasset" 306
"../../../Engine/Plugins/Animation/ControlRig/Content/Controls/ControlRig_Diamond_1mm.uexp" 307
"../../../Engine/Plugins/Animation/ControlRig/Content/Controls/ControlRig_Circle_solid.ubulk" 308
"../../../Engine/Plugins/Animation/ControlRig/Content/Controls/ControlRig_Circle_solid.uasset" 309
"../../../Engine/Plugins/Animation/ControlRig/Content/Controls/ControlRig_Circle_solid.uexp" 310
"../../../Engine/Plugins/Animation/ControlRig/Content/Controls/ControlRig_Circle_3mm.ubulk" 311
"../../../Engine/Plugins/Animation/ControlRig/Content/Controls/ControlRig_Circle_3mm.uasset" 312
"../../../Engine/Plugins/Animation/ControlRig/Content/Controls/ControlRig_Circle_3mm.uexp" 313
"../../../Engine/Plugins/Animation/ControlRig/Content/Controls/ControlRig_Circle_1mm.ubulk" 314
"../../../Engine/Plugins/Animation/ControlRig/Content/Controls/ControlRig_Circle_1mm.uasset" 315
"../../../Engine/Plugins/Animation/ControlRig/Content/Controls/ControlRig_Circle_1mm.uexp" 316
"../../../Engine/Plugins/Animation/ControlRig/Content/Controls/ControlRig_Box_solid.ubulk" 317
"../../../Engine/Plugins/Animation/ControlRig/Content/Controls/ControlRig_Box_solid.uasset" 318
"../../../Engine/Plugins/Animation/ControlRig/Content/Controls/ControlRig_Box_solid.uexp" 319
"../../../Engine/Plugins/Animation/ControlRig/Content/Controls/ControlRig_Box_3mm.ubulk" 320
"../../../Engine/Plugins/Animation/ControlRig/Content/Controls/ControlRig_Box_3mm.uasset" 321
"../../../Engine/Plugins/Animation/ControlRig/Content/Controls/ControlRig_Box_3mm.uexp" 322
"../../../Engine/Plugins/Animation/ControlRig/Content/Controls/ControlRig_Box_1mm.ubulk" 323
"../../../Engine/Plugins/Animation/ControlRig/Content/Controls/ControlRig_Box_1mm.uasset" 324
"../../../Engine/Plugins/Animation/ControlRig/Content/Controls/ControlRig_Box_1mm.uexp" 325
"../../../Engine/Plugins/Animation/ControlRig/Content/Controls/ControlRig_Arrow_solid.ubulk" 326
"../../../Engine/Plugins/Animation/ControlRig/Content/Controls/ControlRig_Arrow_solid.uasset" 327
"../../../Engine/Plugins/Animation/ControlRig/Content/Controls/ControlRig_Arrow_solid.uexp" 328
"../../../Engine/Plugins/Animation/ControlRig/Content/Controls/ControlRig_Arrow_3mm.ubulk" 329
"../../../Engine/Plugins/Animation/ControlRig/Content/Controls/ControlRig_Arrow_3mm.uasset" 330
"../../../Engine/Plugins/Animation/ControlRig/Content/Controls/ControlRig_Arrow_3mm.uexp" 331
"../../../Engine/Plugins/Animation/ControlRig/Content/Controls/ControlRig_Arrow_1mm.ubulk" 332
"../../../Engine/Plugins/Animation/ControlRig/Content/Controls/ControlRig_Arrow_1mm.uasset" 333
"../../../Engine/Plugins/Animation/ControlRig/Content/Controls/ControlRig_Arrow_1mm.uexp" 334
"../../../Engine/Plugins/Animation/ControlRig/Content/Controls/ControlRig_Arrow4_solid.ubulk" 335
"../../../Engine/Plugins/Animation/ControlRig/Content/Controls/ControlRig_Arrow4_solid.uasset" 336
"../../../Engine/Plugins/Animation/ControlRig/Content/Controls/ControlRig_Arrow4_solid.uexp" 337
"../../../Engine/Plugins/Animation/ControlRig/Content/Controls/ControlRig_Arrow4_3mm.ubulk" 338
"../../../Engine/Plugins/Animation/ControlRig/Content/Controls/ControlRig_Arrow4_3mm.uasset" 339
"../../../Engine/Plugins/Animation/ControlRig/Content/Controls/ControlRig_Arrow4_3mm.uexp" 340
"../../../Engine/Plugins/Animation/ControlRig/Content/Controls/ControlRig_Arrow4_1mm.ubulk" 341
"../../../Engine/Plugins/Animation/ControlRig/Content/Controls/ControlRig_Arrow4_1mm.uasset" 342
"../../../Engine/Plugins/Animation/ControlRig/Content/Controls/ControlRig_Arrow4_1mm.uexp" 343
"../../../Engine/Plugins/Animation/ControlRig/Content/Controls/ControlRig_Arrow2_solid.ubulk" 344
"../../../Engine/Plugins/Animation/ControlRig/Content/Controls/ControlRig_Arrow2_solid.uasset" 345
"../../../Engine/Plugins/Animation/ControlRig/Content/Controls/ControlRig_Arrow2_solid.uexp" 346
"../../../Engine/Plugins/Animation/ControlRig/Content/Controls/ControlRig_Arrow2_3mm.ubulk" 347
"../../../Engine/Plugins/Animation/ControlRig/Content/Controls/ControlRig_Arrow2_3mm.uasset" 348
"../../../Engine/Plugins/Animation/ControlRig/Content/Controls/ControlRig_Arrow2_3mm.uexp" 349
"../../../Engine/Plugins/Animation/ControlRig/Content/Controls/ControlRig_Arrow2_1mm.ubulk" 350
"../../../Engine/Plugins/Animation/ControlRig/Content/Controls/ControlRig_Arrow2_1mm.uasset" 351
"../../../Engine/Plugins/Animation/ControlRig/Content/Controls/ControlRig_Arrow2_1mm.uexp" 352
"../../../Engine/Plugins/Animation/ControlRig/Content/Controls/ControlRigXRayMaterial.uasset" 353
"../../../Engine/Plugins/Animation/ControlRig/Content/Controls/ControlRigXRayMaterial.uexp" 354
"../../../Engine/Plugins/Animation/ControlRig/Content/Controls/ControlRigGizmoMaterial.uasset" 355
"../../../Engine/Plugins/Animation/ControlRig/Content/Controls/ControlRigGizmoMaterial.uexp" 356
"../../../Engine/Content/Functions/Engine_MaterialFunctions02/Math/Transform3x3Matrix.uasset" 357
"../../../Engine/Content/Functions/Engine_MaterialFunctions02/Math/Transform3x3Matrix.uexp" 358
"../../../Engine/Content/Functions/Engine_MaterialFunctions02/SplitComponents.uasset" 359
"../../../Engine/Content/Functions/Engine_MaterialFunctions02/SplitComponents.uexp" 360
"../../../Engine/Content/Functions/Engine_MaterialFunctions02/Utility/MakeFloat3.uasset" 361
"../../../Engine/Content/Functions/Engine_MaterialFunctions02/Utility/MakeFloat3.uexp" 362
"../../../Engine/Content/EngineSounds/Master.uasset" 363
"../../../Engine/Content/EngineSounds/Master.uexp" 364
"../../../Engine/Content/EngineResources/WhiteSquareTexture.uasset" 365
"../../../Engine/Content/EngineResources/WhiteSquareTexture.uexp" 366
"../../../Engine/Content/EngineMaterials/Widget3DPassThrough.uasset" 367
"../../../Engine/Content/EngineMaterials/Widget3DPassThrough.uexp" 368
"../../../Engine/Content/EngineMaterials/Widget3DPassThrough_Translucent.uasset" 369
"../../../Engine/Content/EngineMaterials/Widget3DPassThrough_Translucent.uexp" 370
"../../../Engine/Content/EngineMaterials/Widget3DPassThrough_Translucent_OneSided.uasset" 371
"../../../Engine/Content/EngineMaterials/Widget3DPassThrough_Translucent_OneSided.uexp" 372
"../../../Engine/Content/EngineMaterials/Widget3DPassThrough_Opaque.uasset" 373
"../../../Engine/Content/EngineMaterials/Widget3DPassThrough_Opaque.uexp" 374
"../../../Engine/Content/EngineMaterials/Widget3DPassThrough_Opaque_OneSided.uasset" 375
"../../../Engine/Content/EngineMaterials/Widget3DPassThrough_Opaque_OneSided.uexp" 376
"../../../Engine/Content/EngineMaterials/Widget3DPassThrough_Masked_OneSided.uasset" 377
"../../../Engine/Content/EngineMaterials/Widget3DPassThrough_Masked_OneSided.uexp" 378
"../../../Engine/Content/EngineMaterials/Widget3DPassThrough_Masked.uasset" 379
"../../../Engine/Content/EngineMaterials/Widget3DPassThrough_Masked.uexp" 380
"../../../Engine/Content/EngineMaterials/STBlueNoise_vec2_128x128x64.uasset" 381
"../../../Engine/Content/EngineMaterials/STBlueNoise_vec2_128x128x64.uexp" 382
"../../../Engine/Content/EngineMaterials/STBlueNoise_scalar_128x128x64.uasset" 383
"../../../Engine/Content/EngineMaterials/STBlueNoise_scalar_128x128x64.uexp" 384
"../../../Engine/Content/EngineMaterials/RemoveSurfaceMaterial.uasset" 385
"../../../Engine/Content/EngineMaterials/RemoveSurfaceMaterial.uexp" 386
"../../../Engine/Content/EngineMaterials/DefaultCalibrationGrayscale.uasset" 387
"../../../Engine/Content/EngineMaterials/DefaultCalibrationGrayscale.uexp" 388
"../../../Engine/Content/EngineMaterials/PPM_DefaultCalibrationGrayscale.uasset" 389
"../../../Engine/Content/EngineMaterials/PPM_DefaultCalibrationGrayscale.uexp" 390
"../../../Engine/Content/EngineMaterials/DefaultCalibrationColor.uasset" 391
"../../../Engine/Content/EngineMaterials/DefaultCalibrationColor.uexp" 392
"../../../Engine/Content/EngineMaterials/PPM_DefaultCalibrationColor.uasset" 393
"../../../Engine/Content/EngineMaterials/PPM_DefaultCalibrationColor.uexp" 394
"../../../Engine/Content/EngineMaterials/PhAT_JointLimitMaterial.uasset" 395
"../../../Engine/Content/EngineMaterials/PhAT_JointLimitMaterial.uexp" 396
"../../../Engine/Content/EngineMaterials/NaniteHiddenSectionMaterial.uasset" 397
"../../../Engine/Content/EngineMaterials/NaniteHiddenSectionMaterial.uexp" 398
"../../../Engine/Content/EngineMaterials/InvalidLightmapSettings.ubulk" 399
"../../../Engine/Content/EngineMaterials/InvalidLightmapSettings.uasset" 400
"../../../Engine/Content/EngineMaterials/InvalidLightmapSettings.uexp" 401
"../../../Engine/Content/EngineMaterials/M_InvalidLightmapSettings.uasset" 402
"../../../Engine/Content/EngineMaterials/M_InvalidLightmapSettings.uexp" 403
"../../../Engine/Content/EngineMaterials/GizmoMaterial.uasset" 404
"../../../Engine/Content/EngineMaterials/GizmoMaterial.uexp" 405
"../../../Engine/Content/EngineMaterials/BaseFlattenEmissiveMap_VT.uasset" 406
"../../../Engine/Content/EngineMaterials/BaseFlattenEmissiveMap_VT.uexp" 407
"../../../Engine/Content/EngineMaterials/BaseFlattenGrayscaleMap_VT.uasset" 408
"../../../Engine/Content/EngineMaterials/BaseFlattenGrayscaleMap_VT.uexp" 409
"../../../Engine/Content/EngineMaterials/BaseFlattenLinearColor_VT.uasset" 410
"../../../Engine/Content/EngineMaterials/BaseFlattenLinearColor_VT.uexp" 411
"../../../Engine/Content/EngineMaterials/Black_1x1_EXR_Texture_VT.uasset" 412
"../../../Engine/Content/EngineMaterials/Black_1x1_EXR_Texture_VT.uexp" 413
"../../../Engine/Content/EngineMaterials/BaseFlattenDiffuseMap_VT.uasset" 414
"../../../Engine/Content/EngineMaterials/BaseFlattenDiffuseMap_VT.uexp" 415
"../../../Engine/Content/EngineMaterials/BaseFlattenNormalMap_VT.uasset" 416
"../../../Engine/Content/EngineMaterials/BaseFlattenNormalMap_VT.uexp" 417
"../../../Engine/Content/EngineMaterials/FlattenMaterial_WS_Normal_VT.uasset" 418
"../../../Engine/Content/EngineMaterials/FlattenMaterial_WS_Normal_VT.uexp" 419
"../../../Engine/Content/EngineMaterials/FlattenMaterial_VT.uasset" 420
"../../../Engine/Content/EngineMaterials/FlattenMaterial_VT.uexp" 421
"../../../Engine/Content/EngineMaterials/BaseFlattenNormalMap.uasset" 422
"../../../Engine/Content/EngineMaterials/BaseFlattenNormalMap.uexp" 423
"../../../Engine/Content/EngineMaterials/BaseFlattenGrayscaleMap.uasset" 424
"../../../Engine/Content/EngineMaterials/BaseFlattenGrayscaleMap.uexp" 425
"../../../Engine/Content/EngineMaterials/BaseFlattenDiffuseMap.uasset" 426
"../../../Engine/Content/EngineMaterials/BaseFlattenDiffuseMap.uexp" 427
"../../../Engine/Content/Functions/Engine_MaterialFunctions02/PivotPainter2/Black_1x1_EXR_Texture.uasset" 428
"../../../Engine/Content/Functions/Engine_MaterialFunctions02/PivotPainter2/Black_1x1_EXR_Texture.uexp" 429
"../../../Engine/Content/EngineMaterials/BaseFlattenEmissiveMap.uasset" 430
"../../../Engine/Content/EngineMaterials/BaseFlattenEmissiveMap.uexp" 431
"../../../Engine/Content/EngineMaterials/BaseFlattenLinearColor.uasset" 432
"../../../Engine/Content/EngineMaterials/BaseFlattenLinearColor.uexp" 433
"../../../Engine/Content/EngineMaterials/FlattenMaterial.uasset" 434
"../../../Engine/Content/EngineMaterials/FlattenMaterial.uexp" 435
"../../../Engine/Content/EngineMaterials/DefaultWhiteGrid_Low.uasset" 436
"../../../Engine/Content/EngineMaterials/DefaultWhiteGrid_Low.uexp" 437
"../../../Engine/Content/EngineMaterials/EmissiveMeshMaterial.uasset" 438
"../../../Engine/Content/EngineMaterials/EmissiveMeshMaterial.uexp" 439
"../../../Engine/Content/EngineFonts/RobotoDistanceField.uasset" 440
"../../../Engine/Content/EngineFonts/RobotoDistanceField.uexp" 441
"../../../Engine/Content/EngineMaterials/DefaultTextMaterialOpaque.uasset" 442
"../../../Engine/Content/EngineMaterials/DefaultTextMaterialOpaque.uexp" 443
"../../../Engine/Content/EngineMaterials/DefaultDiffuse.ubulk" 444
"../../../Engine/Content/EngineMaterials/DefaultDiffuse.uasset" 445
"../../../Engine/Content/EngineMaterials/DefaultDiffuse.uexp" 446
"../../../Engine/Content/Functions/Engine_MaterialFunctions02/Utility/BreakOutFloat2Components.uasset" 447
"../../../Engine/Content/Functions/Engine_MaterialFunctions02/Utility/BreakOutFloat2Components.uexp" 448
"../../../Engine/Content/EngineMaterials/DefaultPostProcessMaterial.uasset" 449
"../../../Engine/Content/EngineMaterials/DefaultPostProcessMaterial.uexp" 450
"../../../Engine/Content/EngineMaterials/DefaultPhysicalMaterial.uasset" 451
"../../../Engine/Content/EngineMaterials/DefaultPhysicalMaterial.uexp" 452
"../../../Engine/Content/EngineMaterials/DefaultLightFunctionMaterial.uasset" 453
"../../../Engine/Content/EngineMaterials/DefaultLightFunctionMaterial.uexp" 454
"../../../Engine/Content/EngineMaterials/DefaultDestructiblePhysicalMaterial.uasset" 455
"../../../Engine/Content/EngineMaterials/DefaultDestructiblePhysicalMaterial.uexp" 456
"../../../Engine/Content/EngineMaterials/DefaultDeferredDecalMaterial.uasset" 457
"../../../Engine/Content/EngineMaterials/DefaultDeferredDecalMaterial.uexp" 458
"../../../Engine/Content/EngineMaterials/DefaultBloomKernel.uasset" 459
"../../../Engine/Content/EngineMaterials/DefaultBloomKernel.uexp" 460
"../../../Engine/Content/EngineFonts/Faces/RobotoLight.uexp" 461
"../../../Engine/Content/EngineFonts/Faces/RobotoLight.uasset" 462
"../../../Engine/Content/EngineFonts/Faces/RobotoLight.ufont" 463
"../../../Engine/Content/EngineFonts/Faces/RobotoBold.uexp" 464
"../../../Engine/Content/EngineFonts/Faces/RobotoBold.uasset" 465
"../../../Engine/Content/EngineFonts/Faces/RobotoBold.ufont" 466
"../../../Engine/Content/EngineFonts/Faces/RobotoRegular.uexp" 467
"../../../Engine/Content/EngineFonts/Faces/RobotoRegular.uasset" 468
"../../../Engine/Content/EngineFonts/Faces/RobotoRegular.ufont" 469
"../../../Engine/Content/EngineFonts/Faces/DroidSansFallback.uexp" 470
"../../../Engine/Content/EngineFonts/Faces/DroidSansFallback.uasset" 471
"../../../Engine/Content/EngineFonts/Faces/DroidSansFallback.ufont" 472
"../../../Engine/Content/EngineFonts/Faces/RobotoItalic.uexp" 473
"../../../Engine/Content/EngineFonts/Faces/RobotoItalic.uasset" 474
"../../../Engine/Content/EngineFonts/Faces/RobotoItalic.ufont" 475
"../../../Engine/Content/EngineFonts/Faces/RobotoBoldItalic.uexp" 476
"../../../Engine/Content/EngineFonts/Faces/RobotoBoldItalic.uasset" 477
"../../../Engine/Content/EngineFonts/Faces/RobotoBoldItalic.ufont" 478
"../../../Engine/Content/EngineFonts/Roboto.uasset" 479
"../../../Engine/Content/EngineFonts/Roboto.uexp" 480
"../../../Engine/Content/EngineDebugMaterials/VolumeToRender.uasset" 481
"../../../Engine/Content/EngineDebugMaterials/VolumeToRender.uexp" 482
"../../../Engine/Content/EngineDebugMaterials/M_VolumeRenderSphereTracePP.uasset" 483
"../../../Engine/Content/EngineDebugMaterials/M_VolumeRenderSphereTracePP.uexp" 484
"../../../Engine/Content/EngineDebugMaterials/M_SimpleUnlitTranslucent.uasset" 485
"../../../Engine/Content/EngineDebugMaterials/M_SimpleUnlitTranslucent.uexp" 486
"../../../Engine/Content/EngineDebugMaterials/DebugMeshMaterial.uasset" 487
"../../../Engine/Content/EngineDebugMaterials/DebugMeshMaterial.uexp" 488
"../../../Engine/Content/EngineDebugMaterials/DebugEditorMaterial.uasset" 489
"../../../Engine/Content/EngineDebugMaterials/DebugEditorMaterial.uexp" 490
"../../../Engine/Content/EngineDamageTypes/DmgTypeBP_Environmental.uasset" 491
"../../../Engine/Content/EngineDamageTypes/DmgTypeBP_Environmental.uexp" 492
"../../../Engine/Content/EngineMaterials/DefaultMaterial.uasset" 493
"../../../Engine/Content/EngineMaterials/DefaultMaterial.uexp" 494
"../../../Engine/Content/BasicShapes/Sphere.ubulk" 495
"../../../Engine/Content/BasicShapes/Sphere.uasset" 496
"../../../Engine/Content/BasicShapes/Sphere.uexp" 497
"../../../Engine/Content/BasicShapes/Plane.ubulk" 498
"../../../Engine/Content/BasicShapes/Plane.uasset" 499
"../../../Engine/Content/BasicShapes/Plane.uexp" 500
"../../../Engine/Content/BasicShapes/Cylinder.ubulk" 501
"../../../Engine/Content/BasicShapes/Cylinder.uasset" 502
"../../../Engine/Content/BasicShapes/Cylinder.uexp" 503
"../../../Engine/Content/BasicShapes/Cube.ubulk" 504
"../../../Engine/Content/BasicShapes/Cube.uasset" 505
"../../../Engine/Content/BasicShapes/Cube.uexp" 506
"../../../Engine/Content/BasicShapes/Cone.ubulk" 507
"../../../Engine/Content/BasicShapes/Cone.uasset" 508
"../../../Engine/Content/BasicShapes/Cone.uexp" 509
"../../../Engine/Content/BasicShapes/BasicShapeMaterial.uasset" 510
"../../../Engine/Content/BasicShapes/BasicShapeMaterial.uexp" 511
"E:/Unreal Project/Tank_Fire/Content/Characters/Mannequins/Meshes/SK_Mannequin.uasset" 512
"E:/Unreal Project/Tank_Fire/Content/Characters/Mannequins/Meshes/SK_Mannequin.uexp" 513
"E:/Unreal Project/Tank_Fire/Content/Characters/Mannequins/Textures/Quinn/T_Quinn_02ID_MSR_MSK.ubulk" 514
"E:/Unreal Project/Tank_Fire/Content/Characters/Mannequins/Textures/Quinn/T_Quinn_02ID_MSR_MSK.uasset" 515
"E:/Unreal Project/Tank_Fire/Content/Characters/Mannequins/Textures/Quinn/T_Quinn_02ID_MSR_MSK.uexp" 516
"E:/Unreal Project/Tank_Fire/Content/Characters/Mannequins/Textures/Quinn/T_Quinn_02ID_BN.ubulk" 517
"E:/Unreal Project/Tank_Fire/Content/Characters/Mannequins/Textures/Quinn/T_Quinn_02ID_BN.uasset" 518
"E:/Unreal Project/Tank_Fire/Content/Characters/Mannequins/Textures/Quinn/T_Quinn_02ID_BN.uexp" 519
"E:/Unreal Project/Tank_Fire/Content/Characters/Mannequins/Textures/Quinn/T_Quinn_02_ASAOMASK_MSK.ubulk" 520
"E:/Unreal Project/Tank_Fire/Content/Characters/Mannequins/Textures/Quinn/T_Quinn_02_ASAOMASK_MSK.uasset" 521
"E:/Unreal Project/Tank_Fire/Content/Characters/Mannequins/Textures/Quinn/T_Quinn_02_ASAOMASK_MSK.uexp" 522
"E:/Unreal Project/Tank_Fire/Content/Characters/Mannequins/Textures/Quinn/T_Quinn_02_CCRCCPlastic_MSK.ubulk" 523
"E:/Unreal Project/Tank_Fire/Content/Characters/Mannequins/Textures/Quinn/T_Quinn_02_CCRCCPlastic_MSK.uasset" 524
"E:/Unreal Project/Tank_Fire/Content/Characters/Mannequins/Textures/Quinn/T_Quinn_02_CCRCCPlastic_MSK.uexp" 525
"E:/Unreal Project/Tank_Fire/Content/Characters/Mannequins/Textures/Quinn/T_Quinn_02ID_Tan.ubulk" 526
"E:/Unreal Project/Tank_Fire/Content/Characters/Mannequins/Textures/Quinn/T_Quinn_02ID_Tan.uasset" 527
"E:/Unreal Project/Tank_Fire/Content/Characters/Mannequins/Textures/Quinn/T_Quinn_02ID_Tan.uexp" 528
"E:/Unreal Project/Tank_Fire/Content/Characters/Mannequins/Textures/Quinn/T_Quinn_02ID_D.ubulk" 529
"E:/Unreal Project/Tank_Fire/Content/Characters/Mannequins/Textures/Quinn/T_Quinn_02ID_D.uasset" 530
"E:/Unreal Project/Tank_Fire/Content/Characters/Mannequins/Textures/Quinn/T_Quinn_02ID_D.uexp" 531
"E:/Unreal Project/Tank_Fire/Content/Characters/Mannequins/Textures/Quinn/T_Quinn_01ID_MSR_MSK.ubulk" 532
"E:/Unreal Project/Tank_Fire/Content/Characters/Mannequins/Textures/Quinn/T_Quinn_01ID_MSR_MSK.uasset" 533
"E:/Unreal Project/Tank_Fire/Content/Characters/Mannequins/Textures/Quinn/T_Quinn_01ID_MSR_MSK.uexp" 534
"E:/Unreal Project/Tank_Fire/Content/Characters/Mannequins/Materials/Functions/ChromaticCurve.uasset" 535
"E:/Unreal Project/Tank_Fire/Content/Characters/Mannequins/Materials/Functions/ChromaticCurve.uexp" 536
"E:/Unreal Project/Tank_Fire/Content/Characters/Mannequins/Materials/Functions/CA_Mannequin.uasset" 537
"E:/Unreal Project/Tank_Fire/Content/Characters/Mannequins/Materials/Functions/CA_Mannequin.uexp" 538
"E:/Unreal Project/Tank_Fire/Content/Characters/Mannequins/Materials/Functions/MF_Diffraction.uasset" 539
"E:/Unreal Project/Tank_Fire/Content/Characters/Mannequins/Materials/Functions/MF_Diffraction.uexp" 540
"E:/Unreal Project/Tank_Fire/Content/Characters/Mannequins/Textures/Manny/T_Manny_01_N.ubulk" 541
"E:/Unreal Project/Tank_Fire/Content/Characters/Mannequins/Textures/Manny/T_Manny_01_N.uasset" 542
"E:/Unreal Project/Tank_Fire/Content/Characters/Mannequins/Textures/Manny/T_Manny_01_N.uexp" 543
"E:/Unreal Project/Tank_Fire/Content/Characters/Mannequins/Materials/Functions/ML_BaseColorFallOff.uasset" 544
"E:/Unreal Project/Tank_Fire/Content/Characters/Mannequins/Materials/Functions/ML_BaseColorFallOff.uexp" 545
"../../../Engine/Content/Functions/Engine_MaterialFunctions01/Texturing/ScaleUVsByCenter.uasset" 546
"../../../Engine/Content/Functions/Engine_MaterialFunctions01/Texturing/ScaleUVsByCenter.uexp" 547
"E:/Unreal Project/Tank_Fire/Content/Characters/Mannequins/Textures/Shared/T_UE_Logo_M.uasset" 548
"E:/Unreal Project/Tank_Fire/Content/Characters/Mannequins/Textures/Shared/T_UE_Logo_M.uexp" 549
"E:/Unreal Project/Tank_Fire/Content/Characters/Mannequins/Materials/Functions/MF_logo3layers.uasset" 550
"E:/Unreal Project/Tank_Fire/Content/Characters/Mannequins/Materials/Functions/MF_logo3layers.uexp" 551
"E:/Unreal Project/Tank_Fire/Content/Characters/Mannequins/Textures/Manny/T_Manny_01_CCRCCPlastic_MSK.ubulk" 552
"E:/Unreal Project/Tank_Fire/Content/Characters/Mannequins/Textures/Manny/T_Manny_01_CCRCCPlastic_MSK.uasset" 553
"E:/Unreal Project/Tank_Fire/Content/Characters/Mannequins/Textures/Manny/T_Manny_01_CCRCCPlastic_MSK.uexp" 554
"E:/Unreal Project/Tank_Fire/Content/Characters/Mannequins/Textures/Manny/T_Manny_01_ASAOPMASK_MSK.ubulk" 555
"E:/Unreal Project/Tank_Fire/Content/Characters/Mannequins/Textures/Manny/T_Manny_01_ASAOPMASK_MSK.uasset" 556
"E:/Unreal Project/Tank_Fire/Content/Characters/Mannequins/Textures/Manny/T_Manny_01_ASAOPMASK_MSK.uexp" 557
"E:/Unreal Project/Tank_Fire/Content/Characters/Mannequins/Textures/Manny/T_Manny_01_MSR_MSK.ubulk" 558
"E:/Unreal Project/Tank_Fire/Content/Characters/Mannequins/Textures/Manny/T_Manny_01_MSR_MSK.uasset" 559
"E:/Unreal Project/Tank_Fire/Content/Characters/Mannequins/Textures/Manny/T_Manny_01_MSR_MSK.uexp" 560
"E:/Unreal Project/Tank_Fire/Content/Characters/Mannequins/Textures/Manny/T_Manny_01_BN.ubulk" 561
"E:/Unreal Project/Tank_Fire/Content/Characters/Mannequins/Textures/Manny/T_Manny_01_BN.uasset" 562
"E:/Unreal Project/Tank_Fire/Content/Characters/Mannequins/Textures/Manny/T_Manny_01_BN.uexp" 563
"E:/Unreal Project/Tank_Fire/Content/Characters/Mannequins/Textures/Manny/T_Manny_01_D.ubulk" 564
"E:/Unreal Project/Tank_Fire/Content/Characters/Mannequins/Textures/Manny/T_Manny_01_D.uasset" 565
"E:/Unreal Project/Tank_Fire/Content/Characters/Mannequins/Textures/Manny/T_Manny_01_D.uexp" 566
"E:/Unreal Project/Tank_Fire/Content/Characters/Mannequins/Textures/Manny/T_Manny_01_Tan.ubulk" 567
"E:/Unreal Project/Tank_Fire/Content/Characters/Mannequins/Textures/Manny/T_Manny_01_Tan.uasset" 568
"E:/Unreal Project/Tank_Fire/Content/Characters/Mannequins/Textures/Manny/T_Manny_01_Tan.uexp" 569
"E:/Unreal Project/Tank_Fire/Content/Characters/Mannequins/Materials/M_Mannequin.uasset" 570
"E:/Unreal Project/Tank_Fire/Content/Characters/Mannequins/Materials/M_Mannequin.uexp" 571
"E:/Unreal Project/Tank_Fire/Content/Characters/Mannequins/Textures/Quinn/T_Quinn_01_ASAOMASK_MSK.ubulk" 572
"E:/Unreal Project/Tank_Fire/Content/Characters/Mannequins/Textures/Quinn/T_Quinn_01_ASAOMASK_MSK.uasset" 573
"E:/Unreal Project/Tank_Fire/Content/Characters/Mannequins/Textures/Quinn/T_Quinn_01_ASAOMASK_MSK.uexp" 574
"E:/Unreal Project/Tank_Fire/Content/Characters/Mannequins/Textures/Quinn/T_Quinn_01ID_N.ubulk" 575
"E:/Unreal Project/Tank_Fire/Content/Characters/Mannequins/Textures/Quinn/T_Quinn_01ID_N.uasset" 576
"E:/Unreal Project/Tank_Fire/Content/Characters/Mannequins/Textures/Quinn/T_Quinn_01ID_N.uexp" 577
"E:/Unreal Project/Tank_Fire/Content/Characters/Mannequins/Textures/Quinn/T_Quinn_01ID_BN.ubulk" 578
"E:/Unreal Project/Tank_Fire/Content/Characters/Mannequins/Textures/Quinn/T_Quinn_01ID_BN.uasset" 579
"E:/Unreal Project/Tank_Fire/Content/Characters/Mannequins/Textures/Quinn/T_Quinn_01ID_BN.uexp" 580
"E:/Unreal Project/Tank_Fire/Content/Characters/Mannequins/Textures/Quinn/T_Quinn_01ID_D.ubulk" 581
"E:/Unreal Project/Tank_Fire/Content/Characters/Mannequins/Textures/Quinn/T_Quinn_01ID_D.uasset" 582
"E:/Unreal Project/Tank_Fire/Content/Characters/Mannequins/Textures/Quinn/T_Quinn_01ID_D.uexp" 583
"E:/Unreal Project/Tank_Fire/Content/Characters/Mannequins/Textures/Quinn/T_Quinn_01ID_Tan.ubulk" 584
"E:/Unreal Project/Tank_Fire/Content/Characters/Mannequins/Textures/Quinn/T_Quinn_01ID_Tan.uasset" 585
"E:/Unreal Project/Tank_Fire/Content/Characters/Mannequins/Textures/Quinn/T_Quinn_01ID_Tan.uexp" 586
"E:/Unreal Project/Tank_Fire/Content/Characters/Mannequins/Textures/Quinn/T_Quinn_01_CCRCCPlastic_MSK.ubulk" 587
"E:/Unreal Project/Tank_Fire/Content/Characters/Mannequins/Textures/Quinn/T_Quinn_01_CCRCCPlastic_MSK.uasset" 588
"E:/Unreal Project/Tank_Fire/Content/Characters/Mannequins/Textures/Quinn/T_Quinn_01_CCRCCPlastic_MSK.uexp" 589
"E:/Unreal Project/Tank_Fire/Content/Characters/Mannequins/Materials/Instances/Quinn/MI_Quinn_01.uasset" 590
"E:/Unreal Project/Tank_Fire/Content/Characters/Mannequins/Materials/Instances/Quinn/MI_Quinn_01.uexp" 591
"E:/Unreal Project/Tank_Fire/Content/Characters/Mannequins/Textures/Quinn/T_Quinn_02ID_N.ubulk" 592
"E:/Unreal Project/Tank_Fire/Content/Characters/Mannequins/Textures/Quinn/T_Quinn_02ID_N.uasset" 593
"E:/Unreal Project/Tank_Fire/Content/Characters/Mannequins/Textures/Quinn/T_Quinn_02ID_N.uexp" 594
"E:/Unreal Project/Tank_Fire/Content/Characters/Mannequins/Materials/Instances/Quinn/MI_Quinn_02.uasset" 595
"E:/Unreal Project/Tank_Fire/Content/Characters/Mannequins/Materials/Instances/Quinn/MI_Quinn_02.uexp" 596
"E:/Unreal Project/Tank_Fire/Content/Characters/Mannequins/Rigs/PA_Mannequin.uasset" 597
"E:/Unreal Project/Tank_Fire/Content/Characters/Mannequins/Rigs/PA_Mannequin.uexp" 598
"E:/Unreal Project/Tank_Fire/Content/Characters/Mannequins/Meshes/SKM_Quinn_Simple.uasset" 599
"E:/Unreal Project/Tank_Fire/Content/Characters/Mannequins/Meshes/SKM_Quinn_Simple.uexp" 600
"E:/Unreal Project/Tank_Fire/Content/ThirdPerson/Input/Actions/IA_Jump.uasset" 601
"E:/Unreal Project/Tank_Fire/Content/ThirdPerson/Input/Actions/IA_Jump.uexp" 602
"E:/Unreal Project/Tank_Fire/Content/ThirdPerson/Input/Actions/IA_Look.uasset" 603
"E:/Unreal Project/Tank_Fire/Content/ThirdPerson/Input/Actions/IA_Look.uexp" 604
"E:/Unreal Project/Tank_Fire/Content/ThirdPerson/Input/Actions/IA_Move.uasset" 605
"E:/Unreal Project/Tank_Fire/Content/ThirdPerson/Input/Actions/IA_Move.uexp" 606
"E:/Unreal Project/Tank_Fire/Content/ThirdPerson/Input/IMC_Default.uasset" 607
"E:/Unreal Project/Tank_Fire/Content/ThirdPerson/Input/IMC_Default.uexp" 608
"../../../Engine/Content/Animation/DefaultAnimCurveCompressionSettings.uasset" 609
"../../../Engine/Content/Animation/DefaultAnimCurveCompressionSettings.uexp" 610
"../../../Engine/Content/Animation/DefaultAnimBoneCompressionSettings.uasset" 611
"../../../Engine/Content/Animation/DefaultAnimBoneCompressionSettings.uexp" 612
"E:/Unreal Project/Tank_Fire/Content/Characters/Mannequins/Animations/Quinn/MF_Run_Fwd.uasset" 613
"E:/Unreal Project/Tank_Fire/Content/Characters/Mannequins/Animations/Quinn/MF_Run_Fwd.uexp" 614
"E:/Unreal Project/Tank_Fire/Content/Characters/Mannequins/Animations/Quinn/MF_Walk_Fwd.uasset" 615
"E:/Unreal Project/Tank_Fire/Content/Characters/Mannequins/Animations/Quinn/MF_Walk_Fwd.uexp" 616
"../../../Engine/Content/Animation/DefaultRecorderBoneCompression.uasset" 617
"../../../Engine/Content/Animation/DefaultRecorderBoneCompression.uexp" 618
"E:/Unreal Project/Tank_Fire/Content/Characters/Mannequins/Animations/Manny/MM_Walk_InPlace.uasset" 619
"E:/Unreal Project/Tank_Fire/Content/Characters/Mannequins/Animations/Manny/MM_Walk_InPlace.uexp" 620
"E:/Unreal Project/Tank_Fire/Content/Characters/Mannequins/Animations/Quinn/BS_MF_Unarmed_WalkRun.uasset" 621
"E:/Unreal Project/Tank_Fire/Content/Characters/Mannequins/Animations/Quinn/BS_MF_Unarmed_WalkRun.uexp" 622
"E:/Unreal Project/Tank_Fire/Content/Characters/Mannequins/Animations/Quinn/MF_Idle.uasset" 623
"E:/Unreal Project/Tank_Fire/Content/Characters/Mannequins/Animations/Quinn/MF_Idle.uexp" 624
"../../../Engine/Content/Animation/DefaultVariableFrameStrippingSettings.uasset" 625
"../../../Engine/Content/Animation/DefaultVariableFrameStrippingSettings.uexp" 626
"E:/Unreal Project/Tank_Fire/Content/Characters/Mannequins/Animations/Manny/MM_Fall_Loop.uasset" 627
"E:/Unreal Project/Tank_Fire/Content/Characters/Mannequins/Animations/Manny/MM_Fall_Loop.uexp" 628
"E:/Unreal Project/Tank_Fire/Content/Characters/Mannequins/Animations/Manny/MM_Jump.uasset" 629
"E:/Unreal Project/Tank_Fire/Content/Characters/Mannequins/Animations/Manny/MM_Jump.uexp" 630
"../../../Engine/Plugins/Animation/ControlRig/Content/Controls/DefaultGizmoLibrary.uasset" 631
"../../../Engine/Plugins/Animation/ControlRig/Content/Controls/DefaultGizmoLibrary.uexp" 632
"E:/Unreal Project/Tank_Fire/Content/Characters/Mannequins/Rigs/CR_Mannequin_BasicFootIK.uasset" 633
"E:/Unreal Project/Tank_Fire/Content/Characters/Mannequins/Rigs/CR_Mannequin_BasicFootIK.uexp" 634
"E:/Unreal Project/Tank_Fire/Content/Characters/Mannequins/Animations/Manny/MM_Run_Fwd.uasset" 635
"E:/Unreal Project/Tank_Fire/Content/Characters/Mannequins/Animations/Manny/MM_Run_Fwd.uexp" 636
"E:/Unreal Project/Tank_Fire/Content/Characters/Mannequins/Animations/Manny/MM_Walk_Fwd.uasset" 637
"E:/Unreal Project/Tank_Fire/Content/Characters/Mannequins/Animations/Manny/MM_Walk_Fwd.uexp" 638
"E:/Unreal Project/Tank_Fire/Content/Characters/Mannequins/Animations/Manny/BS_MM_WalkRun.uasset" 639
"E:/Unreal Project/Tank_Fire/Content/Characters/Mannequins/Animations/Manny/BS_MM_WalkRun.uexp" 640
"E:/Unreal Project/Tank_Fire/Content/Characters/Mannequins/Animations/Manny/MM_Land.uasset" 641
"E:/Unreal Project/Tank_Fire/Content/Characters/Mannequins/Animations/Manny/MM_Land.uexp" 642
"E:/Unreal Project/Tank_Fire/Content/Characters/Mannequins/Animations/Manny/MM_Idle.uasset" 643
"E:/Unreal Project/Tank_Fire/Content/Characters/Mannequins/Animations/Manny/MM_Idle.uexp" 644
"E:/Unreal Project/Tank_Fire/Content/Characters/Mannequins/Animations/ABP_Manny.uasset" 645
"E:/Unreal Project/Tank_Fire/Content/Characters/Mannequins/Animations/ABP_Manny.uexp" 646
"E:/Unreal Project/Tank_Fire/Content/Characters/Mannequins/Animations/ABP_Quinn.uasset" 647
"E:/Unreal Project/Tank_Fire/Content/Characters/Mannequins/Animations/ABP_Quinn.uexp" 648
"E:/Unreal Project/Tank_Fire/Content/ThirdPerson/Blueprints/BP_ThirdPersonCharacter.uasset" 649
"E:/Unreal Project/Tank_Fire/Content/ThirdPerson/Blueprints/BP_ThirdPersonCharacter.uexp" 650
"../../../Engine/Plugins/Interchange/Runtime/Content/gltf/MaterialFunctions/MF_RotateV2.uasset" 651
"../../../Engine/Plugins/Interchange/Runtime/Content/gltf/MaterialFunctions/MF_RotateV2.uexp" 652
"../../../Engine/Plugins/Interchange/Runtime/Content/gltf/MaterialFunctions/MF_TransformUVs.uasset" 653
"../../../Engine/Plugins/Interchange/Runtime/Content/gltf/MaterialFunctions/MF_TransformUVs.uexp" 654
"../../../Engine/Plugins/Interchange/Runtime/Content/gltf/Textures/T_White_srgb.uasset" 655
"../../../Engine/Plugins/Interchange/Runtime/Content/gltf/Textures/T_White_srgb.uexp" 656
"../../../Engine/Plugins/Interchange/Runtime/Content/gltf/MaterialFunctions/MF_BaseColor.uasset" 657
"../../../Engine/Plugins/Interchange/Runtime/Content/gltf/MaterialFunctions/MF_BaseColor.uexp" 658
"../../../Engine/Plugins/Interchange/Runtime/Content/gltf/MaterialBodies/MF_Unlit_Body.uasset" 659
"../../../Engine/Plugins/Interchange/Runtime/Content/gltf/MaterialBodies/MF_Unlit_Body.uexp" 660
"../../../Engine/Plugins/Interchange/Runtime/Content/gltf/M_Unlit.uasset" 661
"../../../Engine/Plugins/Interchange/Runtime/Content/gltf/M_Unlit.uexp" 662
"../../../Engine/Plugins/Interchange/Runtime/Content/gltf/MaterialInstances/MI_Unlit_Opaque_DS.uasset" 663
"../../../Engine/Plugins/Interchange/Runtime/Content/gltf/MaterialInstances/MI_Unlit_Opaque_DS.uexp" 664
"../../../Engine/Plugins/Interchange/Runtime/Content/gltf/MaterialInstances/MI_Unlit_Opaque.uasset" 665
"../../../Engine/Plugins/Interchange/Runtime/Content/gltf/MaterialInstances/MI_Unlit_Opaque.uexp" 666
"../../../Engine/Plugins/Interchange/Runtime/Content/gltf/MaterialInstances/MI_Unlit_Mask_DS.uasset" 667
"../../../Engine/Plugins/Interchange/Runtime/Content/gltf/MaterialInstances/MI_Unlit_Mask_DS.uexp" 668
"../../../Engine/Plugins/Interchange/Runtime/Content/gltf/MaterialInstances/MI_Unlit_Mask.uasset" 669
"../../../Engine/Plugins/Interchange/Runtime/Content/gltf/MaterialInstances/MI_Unlit_Mask.uexp" 670
"../../../Engine/Plugins/Interchange/Runtime/Content/gltf/MaterialInstances/MI_Unlit_Blend_DS.uasset" 671
"../../../Engine/Plugins/Interchange/Runtime/Content/gltf/MaterialInstances/MI_Unlit_Blend_DS.uexp" 672
"../../../Engine/Plugins/Interchange/Runtime/Content/gltf/MaterialInstances/MI_Unlit_Blend.uasset" 673
"../../../Engine/Plugins/Interchange/Runtime/Content/gltf/MaterialInstances/MI_Unlit_Blend.uexp" 674
"../../../Engine/Plugins/Interchange/Runtime/Content/gltf/MaterialFunctions/MF_Iridescence.uasset" 675
"../../../Engine/Plugins/Interchange/Runtime/Content/gltf/MaterialFunctions/MF_Iridescence.uexp" 676
"../../../Engine/Plugins/Interchange/Runtime/Content/gltf/Textures/T_White_Linear.uasset" 677
"../../../Engine/Plugins/Interchange/Runtime/Content/gltf/Textures/T_White_Linear.uexp" 678
"../../../Engine/Plugins/Interchange/Runtime/Content/gltf/MaterialFunctions/MF_MetallicRoughness.uasset" 679
"../../../Engine/Plugins/Interchange/Runtime/Content/gltf/MaterialFunctions/MF_MetallicRoughness.uexp" 680
"../../../Engine/Plugins/Interchange/Runtime/Content/gltf/MaterialFunctions/MF_Transmission.uasset" 681
"../../../Engine/Plugins/Interchange/Runtime/Content/gltf/MaterialFunctions/MF_Transmission.uexp" 682
"../../../Engine/Plugins/Interchange/Runtime/Content/gltf/MaterialFunctions/MF_Occlusion.uasset" 683
"../../../Engine/Plugins/Interchange/Runtime/Content/gltf/MaterialFunctions/MF_Occlusion.uexp" 684
"../../../Engine/Plugins/Interchange/Runtime/Content/gltf/MaterialFunctions/MF_Specular.uasset" 685
"../../../Engine/Plugins/Interchange/Runtime/Content/gltf/MaterialFunctions/MF_Specular.uexp" 686
"../../../Engine/Plugins/Interchange/Runtime/Content/gltf/MaterialFunctions/MF_IOR.uasset" 687
"../../../Engine/Plugins/Interchange/Runtime/Content/gltf/MaterialFunctions/MF_IOR.uexp" 688
"../../../Engine/Plugins/Interchange/Runtime/Content/gltf/MaterialFunctions/MF_RotateNormals_TS.uasset" 689
"../../../Engine/Plugins/Interchange/Runtime/Content/gltf/MaterialFunctions/MF_RotateNormals_TS.uexp" 690
"../../../Engine/Plugins/Interchange/Runtime/Content/gltf/Textures/T_Generic_N.uasset" 691
"../../../Engine/Plugins/Interchange/Runtime/Content/gltf/Textures/T_Generic_N.uexp" 692
"../../../Engine/Plugins/Interchange/Runtime/Content/gltf/MaterialFunctions/MF_Normals.uasset" 693
"../../../Engine/Plugins/Interchange/Runtime/Content/gltf/MaterialFunctions/MF_Normals.uexp" 694
"../../../Engine/Plugins/Interchange/Runtime/Content/gltf/MaterialBodies/MF_Transmission_Body.uasset" 695
"../../../Engine/Plugins/Interchange/Runtime/Content/gltf/MaterialBodies/MF_Transmission_Body.uexp" 696
"../../../Engine/Plugins/Interchange/Runtime/Content/gltf/M_Transmission.uasset" 697
"../../../Engine/Plugins/Interchange/Runtime/Content/gltf/M_Transmission.uexp" 698
"../../../Engine/Plugins/Interchange/Runtime/Content/gltf/MaterialInstances/MI_Transmission_DS.uasset" 699
"../../../Engine/Plugins/Interchange/Runtime/Content/gltf/MaterialInstances/MI_Transmission_DS.uexp" 700
"../../../Engine/Plugins/Interchange/Runtime/Content/gltf/MaterialInstances/MI_Transmission.uasset" 701
"../../../Engine/Plugins/Interchange/Runtime/Content/gltf/MaterialInstances/MI_Transmission.uexp" 702
"../../../Engine/Plugins/Interchange/Runtime/Content/gltf/MaterialFunctions/MF_DiffuseSpecGloss.uasset" 703
"../../../Engine/Plugins/Interchange/Runtime/Content/gltf/MaterialFunctions/MF_DiffuseSpecGloss.uexp" 704
"../../../Engine/Content/Functions/Engine_MaterialFunctions02/Math/AddComponents.uasset" 705
"../../../Engine/Content/Functions/Engine_MaterialFunctions02/Math/AddComponents.uexp" 706
"../../../Engine/Plugins/Interchange/Runtime/Content/gltf/MaterialFunctions/MF_PerceivedBrightness.uasset" 707
"../../../Engine/Plugins/Interchange/Runtime/Content/gltf/MaterialFunctions/MF_PerceivedBrightness.uexp" 708
"../../../Engine/Plugins/Interchange/Runtime/Content/gltf/MaterialFunctions/MF_Emissive.uasset" 709
"../../../Engine/Plugins/Interchange/Runtime/Content/gltf/MaterialFunctions/MF_Emissive.uexp" 710
"../../../Engine/Plugins/Interchange/Runtime/Content/gltf/MaterialFunctions/MF_SpecGlossToMetalRoughness.uasset" 711
"../../../Engine/Plugins/Interchange/Runtime/Content/gltf/MaterialFunctions/MF_SpecGlossToMetalRoughness.uexp" 712
"../../../Engine/Plugins/Interchange/Runtime/Content/gltf/MaterialBodies/MF_SpecularGlossiness_Body.uasset" 713
"../../../Engine/Plugins/Interchange/Runtime/Content/gltf/MaterialBodies/MF_SpecularGlossiness_Body.uexp" 714
"../../../Engine/Plugins/Interchange/Runtime/Content/gltf/M_SpecularGlossiness.uasset" 715
"../../../Engine/Plugins/Interchange/Runtime/Content/gltf/M_SpecularGlossiness.uexp" 716
"../../../Engine/Plugins/Interchange/Runtime/Content/gltf/MaterialInstances/MI_SpecularGlossiness_Opaque_DS.uasset" 717
"../../../Engine/Plugins/Interchange/Runtime/Content/gltf/MaterialInstances/MI_SpecularGlossiness_Opaque_DS.uexp" 718
"../../../Engine/Plugins/Interchange/Runtime/Content/gltf/MaterialInstances/MI_SpecularGlossiness_Opaque.uasset" 719
"../../../Engine/Plugins/Interchange/Runtime/Content/gltf/MaterialInstances/MI_SpecularGlossiness_Opaque.uexp" 720
"../../../Engine/Plugins/Interchange/Runtime/Content/gltf/MaterialInstances/MI_SpecularGlossiness_Mask_DS.uasset" 721
"../../../Engine/Plugins/Interchange/Runtime/Content/gltf/MaterialInstances/MI_SpecularGlossiness_Mask_DS.uexp" 722
"../../../Engine/Plugins/Interchange/Runtime/Content/gltf/MaterialInstances/MI_SpecularGlossiness_Mask.uasset" 723
"../../../Engine/Plugins/Interchange/Runtime/Content/gltf/MaterialInstances/MI_SpecularGlossiness_Mask.uexp" 724
"../../../Engine/Plugins/Interchange/Runtime/Content/gltf/MaterialInstances/MI_SpecularGlossiness_Blend_DS.uasset" 725
"../../../Engine/Plugins/Interchange/Runtime/Content/gltf/MaterialInstances/MI_SpecularGlossiness_Blend_DS.uexp" 726
"../../../Engine/Plugins/Interchange/Runtime/Content/gltf/MaterialInstances/MI_SpecularGlossiness_Blend.uasset" 727
"../../../Engine/Plugins/Interchange/Runtime/Content/gltf/MaterialInstances/MI_SpecularGlossiness_Blend.uexp" 728
"../../../Engine/Plugins/Interchange/Runtime/Content/gltf/MaterialFunctions/MF_Sheen.uasset" 729
"../../../Engine/Plugins/Interchange/Runtime/Content/gltf/MaterialFunctions/MF_Sheen.uexp" 730
"../../../Engine/Plugins/Interchange/Runtime/Content/gltf/MaterialBodies/MF_Sheen_Body.uasset" 731
"../../../Engine/Plugins/Interchange/Runtime/Content/gltf/MaterialBodies/MF_Sheen_Body.uexp" 732
"../../../Engine/Plugins/Interchange/Runtime/Content/gltf/M_Sheen.uasset" 733
"../../../Engine/Plugins/Interchange/Runtime/Content/gltf/M_Sheen.uexp" 734
"../../../Engine/Plugins/Interchange/Runtime/Content/gltf/MaterialInstances/MI_Sheen_Opaque_DS.uasset" 735
"../../../Engine/Plugins/Interchange/Runtime/Content/gltf/MaterialInstances/MI_Sheen_Opaque_DS.uexp" 736
"../../../Engine/Plugins/Interchange/Runtime/Content/gltf/MaterialInstances/MI_Sheen_Opaque.uasset" 737
"../../../Engine/Plugins/Interchange/Runtime/Content/gltf/MaterialInstances/MI_Sheen_Opaque.uexp" 738
"../../../Engine/Plugins/Interchange/Runtime/Content/gltf/MaterialInstances/MI_Sheen_Mask_DS.uasset" 739
"../../../Engine/Plugins/Interchange/Runtime/Content/gltf/MaterialInstances/MI_Sheen_Mask_DS.uexp" 740
"../../../Engine/Plugins/Interchange/Runtime/Content/gltf/MaterialInstances/MI_Sheen_Mask.uasset" 741
"../../../Engine/Plugins/Interchange/Runtime/Content/gltf/MaterialInstances/MI_Sheen_Mask.uexp" 742
"../../../Engine/Plugins/Interchange/Runtime/Content/gltf/MaterialInstances/MI_Sheen_Blend_DS.uasset" 743
"../../../Engine/Plugins/Interchange/Runtime/Content/gltf/MaterialInstances/MI_Sheen_Blend_DS.uexp" 744
"../../../Engine/Plugins/Interchange/Runtime/Content/gltf/MaterialInstances/MI_Sheen_Blend.uasset" 745
"../../../Engine/Plugins/Interchange/Runtime/Content/gltf/MaterialInstances/MI_Sheen_Blend.uexp" 746
"../../../Engine/Plugins/Interchange/Runtime/Content/gltf/MaterialBodies/MF_Default_Body.uasset" 747
"../../../Engine/Plugins/Interchange/Runtime/Content/gltf/MaterialBodies/MF_Default_Body.uexp" 748
"../../../Engine/Plugins/Interchange/Runtime/Content/gltf/M_Default.uasset" 749
"../../../Engine/Plugins/Interchange/Runtime/Content/gltf/M_Default.uexp" 750
"../../../Engine/Plugins/Interchange/Runtime/Content/gltf/MaterialInstances/MI_Default_Opaque_DS.uasset" 751
"../../../Engine/Plugins/Interchange/Runtime/Content/gltf/MaterialInstances/MI_Default_Opaque_DS.uexp" 752
"../../../Engine/Plugins/Interchange/Runtime/Content/gltf/MaterialInstances/MI_Default_Opaque.uasset" 753
"../../../Engine/Plugins/Interchange/Runtime/Content/gltf/MaterialInstances/MI_Default_Opaque.uexp" 754
"../../../Engine/Plugins/Interchange/Runtime/Content/gltf/MaterialInstances/MI_Default_Mask_DS.uasset" 755
"../../../Engine/Plugins/Interchange/Runtime/Content/gltf/MaterialInstances/MI_Default_Mask_DS.uexp" 756
"../../../Engine/Plugins/Interchange/Runtime/Content/gltf/MaterialInstances/MI_Default_Mask.uasset" 757
"../../../Engine/Plugins/Interchange/Runtime/Content/gltf/MaterialInstances/MI_Default_Mask.uexp" 758
"../../../Engine/Plugins/Interchange/Runtime/Content/gltf/MaterialInstances/MI_Default_Blend_DS.uasset" 759
"../../../Engine/Plugins/Interchange/Runtime/Content/gltf/MaterialInstances/MI_Default_Blend_DS.uexp" 760
"../../../Engine/Plugins/Interchange/Runtime/Content/gltf/MaterialInstances/MI_Default_Blend.uasset" 761
"../../../Engine/Plugins/Interchange/Runtime/Content/gltf/MaterialInstances/MI_Default_Blend.uexp" 762
"../../../Engine/Content/Functions/Engine_MaterialFunctions01/Texturing/FlattenNormal.uasset" 763
"../../../Engine/Content/Functions/Engine_MaterialFunctions01/Texturing/FlattenNormal.uexp" 764
"../../../Engine/Plugins/Interchange/Runtime/Content/gltf/MaterialFunctions/MF_Clearcoat.uasset" 765
"../../../Engine/Plugins/Interchange/Runtime/Content/gltf/MaterialFunctions/MF_Clearcoat.uexp" 766
"../../../Engine/Plugins/Interchange/Runtime/Content/gltf/MaterialBodies/MF_ClearCoat_Body.uasset" 767
"../../../Engine/Plugins/Interchange/Runtime/Content/gltf/MaterialBodies/MF_ClearCoat_Body.uexp" 768
"../../../Engine/Plugins/Interchange/Runtime/Content/gltf/M_ClearCoat.uasset" 769
"../../../Engine/Plugins/Interchange/Runtime/Content/gltf/M_ClearCoat.uexp" 770
"../../../Engine/Plugins/Interchange/Runtime/Content/gltf/MaterialInstances/MI_ClearCoat_Opaque_DS.uasset" 771
"../../../Engine/Plugins/Interchange/Runtime/Content/gltf/MaterialInstances/MI_ClearCoat_Opaque_DS.uexp" 772
"../../../Engine/Plugins/Interchange/Runtime/Content/gltf/MaterialInstances/MI_ClearCoat_Opaque.uasset" 773
"../../../Engine/Plugins/Interchange/Runtime/Content/gltf/MaterialInstances/MI_ClearCoat_Opaque.uexp" 774
"../../../Engine/Plugins/Interchange/Runtime/Content/gltf/MaterialInstances/MI_ClearCoat_Mask_DS.uasset" 775
"../../../Engine/Plugins/Interchange/Runtime/Content/gltf/MaterialInstances/MI_ClearCoat_Mask_DS.uexp" 776
"../../../Engine/Plugins/Interchange/Runtime/Content/gltf/MaterialInstances/MI_ClearCoat_Mask.uasset" 777
"../../../Engine/Plugins/Interchange/Runtime/Content/gltf/MaterialInstances/MI_ClearCoat_Mask.uexp" 778
"../../../Engine/Plugins/Interchange/Runtime/Content/gltf/MaterialInstances/MI_ClearCoat_Blend_DS.uasset" 779
"../../../Engine/Plugins/Interchange/Runtime/Content/gltf/MaterialInstances/MI_ClearCoat_Blend_DS.uexp" 780
"../../../Engine/Plugins/Interchange/Runtime/Content/gltf/MaterialInstances/MI_ClearCoat_Blend.uasset" 781
"../../../Engine/Plugins/Interchange/Runtime/Content/gltf/MaterialInstances/MI_ClearCoat_Blend.uexp" 782
"../../../Engine/Content/MobileResources/HUD/VirtualJoystick_Background.uasset" 783
"../../../Engine/Content/MobileResources/HUD/VirtualJoystick_Background.uexp" 784
"../../../Engine/Content/MobileResources/HUD/VirtualJoystick_Thumb.uasset" 785
"../../../Engine/Content/MobileResources/HUD/VirtualJoystick_Thumb.uexp" 786
"../../../Engine/Content/MobileResources/HUD/DefaultVirtualJoysticks.uasset" 787
"../../../Engine/Content/MobileResources/HUD/DefaultVirtualJoysticks.uexp" 788
"../../../Engine/Content/EngineSky/VolumetricClouds/CloudWeatherTexture.uasset" 789
"../../../Engine/Content/EngineSky/VolumetricClouds/CloudWeatherTexture.uexp" 790
"../../../Engine/Content/Functions/Engine_MaterialFunctions02/Utility/MakeFloat2.uasset" 791
"../../../Engine/Content/Functions/Engine_MaterialFunctions02/Utility/MakeFloat2.uexp" 792
"../../../Engine/Content/EngineSky/VolumetricClouds/CloudGradientTexture.uasset" 793
"../../../Engine/Content/EngineSky/VolumetricClouds/CloudGradientTexture.uexp" 794
"../../../Engine/Content/EngineSky/VolumetricClouds/T_NoiseShape64.ubulk" 795
"../../../Engine/Content/EngineSky/VolumetricClouds/T_NoiseShape64.uasset" 796
"../../../Engine/Content/EngineSky/VolumetricClouds/T_NoiseShape64.uexp" 797
"../../../Engine/Content/EngineSky/VolumetricClouds/T_VolumeNoiseShape64.uasset" 798
"../../../Engine/Content/EngineSky/VolumetricClouds/T_VolumeNoiseShape64.uexp" 799
"../../../Engine/Content/EngineSky/VolumetricClouds/T_NoiseErosion.ubulk" 800
"../../../Engine/Content/EngineSky/VolumetricClouds/T_NoiseErosion.uasset" 801
"../../../Engine/Content/EngineSky/VolumetricClouds/T_NoiseErosion.uexp" 802
"../../../Engine/Content/EngineSky/VolumetricClouds/T_VolumeNoiseErosion32.uasset" 803
"../../../Engine/Content/EngineSky/VolumetricClouds/T_VolumeNoiseErosion32.uexp" 804
"../../../Engine/Content/EngineSky/VolumetricClouds/m_SimpleVolumetricCloud.uasset" 805
"../../../Engine/Content/EngineSky/VolumetricClouds/m_SimpleVolumetricCloud.uexp" 806
"../../../Engine/Content/EngineSky/VolumetricClouds/m_SimpleVolumetricCloud_Inst.uasset" 807
"../../../Engine/Content/EngineSky/VolumetricClouds/m_SimpleVolumetricCloud_Inst.uexp" 808
"../../../Engine/Content/EngineResources/FilmGrains/Marcie_Grain_v3_128_M2_000.uasset" 809
"../../../Engine/Content/EngineResources/FilmGrains/Marcie_Grain_v3_128_M2_000.uexp" 810
"../../../Engine/Content/Functions/Engine_MaterialFunctions01/Shading/PowerToRoughness.uasset" 811
"../../../Engine/Content/Functions/Engine_MaterialFunctions01/Shading/PowerToRoughness.uexp" 812
"../../../Engine/Content/Functions/Engine_MaterialFunctions01/Shading/ConvertFromDiffSpec.uasset" 813
"../../../Engine/Content/Functions/Engine_MaterialFunctions01/Shading/ConvertFromDiffSpec.uexp" 814
"../../../Engine/Content/EngineMaterials/Substrate/Volume/SubstrateSimpleVolumeLUT3D.uasset" 815
"../../../Engine/Content/EngineMaterials/Substrate/Volume/SubstrateSimpleVolumeLUT3D.uexp" 816
"../../../Engine/Content/EngineMaterials/Substrate/Volume/SubstrateSimpleVolumeEnvLUT3D.uasset" 817
"../../../Engine/Content/EngineMaterials/Substrate/Volume/SubstrateSimpleVolumeEnvLUT3D.uexp" 818
"../../../Engine/Content/EngineMaterials/Substrate/GLints2/AGlintTex2dArray2.uasset" 819
"../../../Engine/Content/EngineMaterials/Substrate/GLints2/AGlintTex2dArray2.uexp" 820
"../../../Engine/Content/EngineMaterials/Substrate/GLints/AGlintTex2dArray.uasset" 821
"../../../Engine/Content/EngineMaterials/Substrate/GLints/AGlintTex2dArray.uexp" 822
"E:/Unreal Project/Tank_Fire/Content/LevelPrototyping/Textures/T_GridChecker_A.ubulk" 823
"E:/Unreal Project/Tank_Fire/Content/LevelPrototyping/Textures/T_GridChecker_A.uasset" 824
"E:/Unreal Project/Tank_Fire/Content/LevelPrototyping/Textures/T_GridChecker_A.uexp" 825
"../../../Engine/Content/Functions/Engine_MaterialFunctions01/Gradient/LinearGradient.uasset" 826
"../../../Engine/Content/Functions/Engine_MaterialFunctions01/Gradient/LinearGradient.uexp" 827
"../../../Engine/Content/Functions/Engine_MaterialFunctions01/ImageAdjustment/CheapContrast.uasset" 828
"../../../Engine/Content/Functions/Engine_MaterialFunctions01/ImageAdjustment/CheapContrast.uexp" 829
"E:/Unreal Project/Tank_Fire/Content/LevelPrototyping/Materials/MF_ProcGrid.uasset" 830
"E:/Unreal Project/Tank_Fire/Content/LevelPrototyping/Materials/MF_ProcGrid.uexp" 831
"E:/Unreal Project/Tank_Fire/Content/LevelPrototyping/Materials/M_PrototypeGrid.uasset" 832
"E:/Unreal Project/Tank_Fire/Content/LevelPrototyping/Materials/M_PrototypeGrid.uexp" 833
"E:/Unreal Project/Tank_Fire/Content/LevelPrototyping/Materials/MI_PrototypeGrid_TopDark.uasset" 834
"E:/Unreal Project/Tank_Fire/Content/LevelPrototyping/Materials/MI_PrototypeGrid_TopDark.uexp" 835
"E:/Unreal Project/Tank_Fire/Content/LevelPrototyping/Materials/MI_PrototypeGrid_Gray.uasset" 836
"E:/Unreal Project/Tank_Fire/Content/LevelPrototyping/Materials/MI_PrototypeGrid_Gray.uexp" 837
"E:/Unreal Project/Tank_Fire/Content/LevelPrototyping/Meshes/SM_Ramp.ubulk" 838
"E:/Unreal Project/Tank_Fire/Content/LevelPrototyping/Meshes/SM_Ramp.uasset" 839
"E:/Unreal Project/Tank_Fire/Content/LevelPrototyping/Meshes/SM_Ramp.uexp" 840
"E:/Unreal Project/Tank_Fire/Content/LevelPrototyping/Meshes/SM_Cube.ubulk" 841
"E:/Unreal Project/Tank_Fire/Content/LevelPrototyping/Meshes/SM_Cube.uasset" 842
"E:/Unreal Project/Tank_Fire/Content/LevelPrototyping/Meshes/SM_Cube.uexp" 843
"E:/Unreal Project/Tank_Fire/Content/LevelPrototyping/Meshes/SM_QuarterCylinder.ubulk" 844
"E:/Unreal Project/Tank_Fire/Content/LevelPrototyping/Meshes/SM_QuarterCylinder.uasset" 845
"E:/Unreal Project/Tank_Fire/Content/LevelPrototyping/Meshes/SM_QuarterCylinder.uexp" 846
"E:/Unreal Project/Tank_Fire/Content/LevelPrototyping/Materials/M_Solid.uasset" 847
"E:/Unreal Project/Tank_Fire/Content/LevelPrototyping/Materials/M_Solid.uexp" 848
"E:/Unreal Project/Tank_Fire/Content/LevelPrototyping/Materials/MI_Solid_Blue.uasset" 849
"E:/Unreal Project/Tank_Fire/Content/LevelPrototyping/Materials/MI_Solid_Blue.uexp" 850
"E:/Unreal Project/Tank_Fire/Content/LevelPrototyping/Meshes/SM_ChamferCube.ubulk" 851
"E:/Unreal Project/Tank_Fire/Content/LevelPrototyping/Meshes/SM_ChamferCube.uasset" 852
"E:/Unreal Project/Tank_Fire/Content/LevelPrototyping/Meshes/SM_ChamferCube.uexp" 853
"../../../Engine/Content/EngineSky/T_Sky_Stars.ubulk" 854
"../../../Engine/Content/EngineSky/T_Sky_Stars.uasset" 855
"../../../Engine/Content/EngineSky/T_Sky_Stars.uexp" 856
"../../../Engine/Content/EngineSky/T_Sky_Clouds_M.ubulk" 857
"../../../Engine/Content/EngineSky/T_Sky_Clouds_M.uasset" 858
"../../../Engine/Content/EngineSky/T_Sky_Clouds_M.uexp" 859
"../../../Engine/Content/EngineSky/T_Sky_Blue.ubulk" 860
"../../../Engine/Content/EngineSky/T_Sky_Blue.uasset" 861
"../../../Engine/Content/EngineSky/T_Sky_Blue.uexp" 862
"../../../Engine/Content/EngineSky/M_Sky_Panning_Clouds2.uasset" 863
"../../../Engine/Content/EngineSky/M_Sky_Panning_Clouds2.uexp" 864
"../../../Engine/Content/EngineSky/SM_SkySphere.ubulk" 865
"../../../Engine/Content/EngineSky/SM_SkySphere.uasset" 866
"../../../Engine/Content/EngineSky/SM_SkySphere.uexp" 867
"../../../Engine/Content/EngineSky/M_SimpleSkyDome.uasset" 868
"../../../Engine/Content/EngineSky/M_SimpleSkyDome.uexp" 869
"../../../Engine/Content/Maps/Entry_BuiltData.uasset" 870
"../../../Engine/Content/Maps/Entry_BuiltData.uexp" 871
"../../../Engine/Content/Maps/Entry.uexp" 872
"../../../Engine/Content/Maps/Entry.umap" 873
"E:/Unreal Project/Tank_Fire/Content/ThirdPerson/Maps/ThirdPersonMap.uexp" 874
"E:/Unreal Project/Tank_Fire/Content/ThirdPerson/Maps/ThirdPersonMap.umap" 875
